2021-12-29 17:26:01,152 [main] INFO  c.k.b.s.BlogServiceConsumerApplication 55 - Starting BlogServiceConsumerApplication on DESKTOP-6ED7KPQ with PID 21924 (D:\javaspace\Blog\blog_spring\blog-service-consumer\target\classes started by Administrator in D:\javaspace\Blog\blog_spring)
2021-12-29 17:26:01,472 [main] INFO  c.k.b.s.BlogServiceConsumerApplication 655 - The following profiles are active: dev
2021-12-29 17:26:03,087 [main] INFO  o.s.d.r.c.RepositoryConfigurationDelegate 249 - Multiple Spring Data modules found, entering strict repository configuration mode!
2021-12-29 17:26:03,092 [main] INFO  o.s.d.r.c.RepositoryConfigurationDelegate 127 - Bootstrapping Spring Data Redis repositories in DEFAULT mode.
2021-12-29 17:26:03,175 [main] INFO  o.s.d.r.c.RepositoryConfigurationDelegate 187 - Finished Spring Data repository scanning in 37ms. Found 0 Redis repository interfaces.
2021-12-29 17:26:04,430 [main] INFO  o.s.b.w.e.tomcat.TomcatWebServer 91 - Tomcat initialized with port(s): 9004 (http)
2021-12-29 17:26:04,466 [main] INFO  o.a.coyote.http11.Http11NioProtocol 173 - Initializing ProtocolHandler ["http-nio-9004"]
2021-12-29 17:26:04,466 [main] INFO  o.a.catalina.core.StandardService 173 - Starting service [Tomcat]
2021-12-29 17:26:04,466 [main] INFO  o.a.catalina.core.StandardEngine 173 - Starting Servlet engine: [Apache Tomcat/9.0.34]
2021-12-29 17:26:04,660 [main] INFO  o.a.c.c.C.[Tomcat].[localhost].[/] 173 - Initializing Spring embedded WebApplicationContext
2021-12-29 17:26:04,660 [main] INFO  o.s.web.context.ContextLoader 284 - Root WebApplicationContext: initialization completed in 2977 ms
2021-12-29 17:26:05,667 [main] INFO  c.a.d.s.b.a.DruidDataSourceAutoConfigure 56 - Init DruidDataSource
2021-12-29 17:26:06,455 [main] INFO  c.alibaba.druid.pool.DruidDataSource 971 - {dataSource-1} inited
2021-12-29 17:26:09,188 [main] INFO  o.s.s.c.ThreadPoolTaskExecutor 181 - Initializing ExecutorService 'applicationTaskExecutor'
2021-12-29 17:26:09,737 [main] INFO  io.lettuce.core.EpollProvider 68 - Starting without optional epoll library
2021-12-29 17:26:09,740 [main] INFO  io.lettuce.core.KqueueProvider 70 - Starting without optional kqueue library
2021-12-29 17:26:13,020 [main] WARN  o.s.b.w.s.c.AnnotationConfigServletWebServerApplicationContext 558 - Exception encountered during context initialization - cancelling refresh attempt: org.springframework.beans.factory.BeanCreationException: Error creating bean with name 'enableRedisKeyspaceNotificationsInitializer' defined in class path resource [org/springframework/boot/autoconfigure/session/RedisSessionConfiguration$SpringBootRedisHttpSessionConfiguration.class]: Invocation of init method failed; nested exception is org.springframework.data.redis.RedisConnectionFailureException: Unable to connect to Redis; nested exception is io.lettuce.core.RedisConnectionException: Unable to connect to localhost:6379
2021-12-29 17:26:13,022 [main] INFO  o.s.s.c.ThreadPoolTaskExecutor 218 - Shutting down ExecutorService 'applicationTaskExecutor'
2021-12-29 17:26:13,030 [main] INFO  c.alibaba.druid.pool.DruidDataSource 1908 - {dataSource-1} closed
2021-12-29 17:26:13,175 [main] INFO  o.a.catalina.core.StandardService 173 - Stopping service [Tomcat]
2021-12-29 17:26:13,193 [main] INFO  o.s.b.a.l.ConditionEvaluationReportLoggingListener 136 - 

Error starting ApplicationContext. To display the conditions report re-run your application with 'debug' enabled.
2021-12-29 17:26:13,212 [main] ERROR o.s.boot.SpringApplication 826 - Application run failed
org.springframework.beans.factory.BeanCreationException: Error creating bean with name 'enableRedisKeyspaceNotificationsInitializer' defined in class path resource [org/springframework/boot/autoconfigure/session/RedisSessionConfiguration$SpringBootRedisHttpSessionConfiguration.class]: Invocation of init method failed; nested exception is org.springframework.data.redis.RedisConnectionFailureException: Unable to connect to Redis; nested exception is io.lettuce.core.RedisConnectionException: Unable to connect to localhost:6379
	at org.springframework.beans.factory.support.AbstractAutowireCapableBeanFactory.initializeBean(AbstractAutowireCapableBeanFactory.java:1796)
	at org.springframework.beans.factory.support.AbstractAutowireCapableBeanFactory.doCreateBean(AbstractAutowireCapableBeanFactory.java:595)
	at org.springframework.beans.factory.support.AbstractAutowireCapableBeanFactory.createBean(AbstractAutowireCapableBeanFactory.java:517)
	at org.springframework.beans.factory.support.AbstractBeanFactory.lambda$doGetBean$0(AbstractBeanFactory.java:323)
	at org.springframework.beans.factory.support.DefaultSingletonBeanRegistry.getSingleton(DefaultSingletonBeanRegistry.java:226)
	at org.springframework.beans.factory.support.AbstractBeanFactory.doGetBean(AbstractBeanFactory.java:321)
	at org.springframework.beans.factory.support.AbstractBeanFactory.getBean(AbstractBeanFactory.java:202)
	at org.springframework.beans.factory.support.DefaultListableBeanFactory.preInstantiateSingletons(DefaultListableBeanFactory.java:895)
	at org.springframework.context.support.AbstractApplicationContext.finishBeanFactoryInitialization(AbstractApplicationContext.java:878)
	at org.springframework.context.support.AbstractApplicationContext.__refresh(AbstractApplicationContext.java:550)
	at org.springframework.context.support.AbstractApplicationContext.jrLockAndRefresh(AbstractApplicationContext.java:40002)
	at org.springframework.context.support.AbstractApplicationContext.refresh(AbstractApplicationContext.java:41008)
	at org.springframework.boot.web.servlet.context.ServletWebServerApplicationContext.refresh(ServletWebServerApplicationContext.java:141)
	at org.springframework.boot.SpringApplication.refresh(SpringApplication.java:747)
	at org.springframework.boot.SpringApplication.refreshContext(SpringApplication.java:397)
	at org.springframework.boot.SpringApplication.run(SpringApplication.java:315)
	at org.springframework.boot.SpringApplication.run(SpringApplication.java:1226)
	at org.springframework.boot.SpringApplication.run(SpringApplication.java:1215)
	at cn.keovi.blog.service.BlogServiceConsumerApplication.main(BlogServiceConsumerApplication.java:13)
Caused by: org.springframework.data.redis.RedisConnectionFailureException: Unable to connect to Redis; nested exception is io.lettuce.core.RedisConnectionException: Unable to connect to localhost:6379
	at org.springframework.data.redis.connection.lettuce.LettuceConnectionFactory$SharedConnection.getNativeConnection(LettuceConnectionFactory.java:1199)
	at org.springframework.data.redis.connection.lettuce.LettuceConnectionFactory$SharedConnection.getConnection(LettuceConnectionFactory.java:1178)
	at org.springframework.data.redis.connection.lettuce.LettuceConnectionFactory.getSharedConnection(LettuceConnectionFactory.java:942)
	at org.springframework.data.redis.connection.lettuce.LettuceConnectionFactory.getConnection(LettuceConnectionFactory.java:353)
	at org.springframework.session.data.redis.config.annotation.web.http.RedisHttpSessionConfiguration$EnableRedisKeyspaceNotificationsInitializer.afterPropertiesSet(RedisHttpSessionConfiguration.java:331)
	at org.springframework.beans.factory.support.AbstractAutowireCapableBeanFactory.invokeInitMethods(AbstractAutowireCapableBeanFactory.java:1855)
	at org.springframework.beans.factory.support.AbstractAutowireCapableBeanFactory.initializeBean(AbstractAutowireCapableBeanFactory.java:1792)
	... 18 common frames omitted
Caused by: io.lettuce.core.RedisConnectionException: Unable to connect to localhost:6379
	at io.lettuce.core.RedisConnectionException.create(RedisConnectionException.java:78)
	at io.lettuce.core.RedisConnectionException.create(RedisConnectionException.java:56)
	at io.lettuce.core.AbstractRedisClient.getConnection(AbstractRedisClient.java:234)
	at io.lettuce.core.RedisClient.connect(RedisClient.java:207)
	at org.springframework.data.redis.connection.lettuce.StandaloneConnectionProvider.lambda$getConnection$1(StandaloneConnectionProvider.java:115)
	at java.util.Optional.orElseGet(Optional.java:267)
	at org.springframework.data.redis.connection.lettuce.StandaloneConnectionProvider.getConnection(StandaloneConnectionProvider.java:115)
	at org.springframework.data.redis.connection.lettuce.LettuceConnectionFactory$SharedConnection.getNativeConnection(LettuceConnectionFactory.java:1197)
	... 24 common frames omitted
Caused by: io.netty.channel.AbstractChannel$AnnotatedConnectException: Connection refused: no further information: localhost/127.0.0.1:6379
Caused by: java.net.ConnectException: Connection refused: no further information
	at sun.nio.ch.SocketChannelImpl.checkConnect(Native Method)
	at sun.nio.ch.SocketChannelImpl.finishConnect(SocketChannelImpl.java:717)
	at io.netty.channel.socket.nio.NioSocketChannel.doFinishConnect(NioSocketChannel.java:330)
	at io.netty.channel.nio.AbstractNioChannel$AbstractNioUnsafe.finishConnect(AbstractNioChannel.java:334)
	at io.netty.channel.nio.NioEventLoop.processSelectedKey(NioEventLoop.java:702)
	at io.netty.channel.nio.NioEventLoop.processSelectedKeysOptimized(NioEventLoop.java:650)
	at io.netty.channel.nio.NioEventLoop.processSelectedKeys(NioEventLoop.java:576)
	at io.netty.channel.nio.NioEventLoop.run(NioEventLoop.java:493)
	at io.netty.util.concurrent.SingleThreadEventExecutor$4.run(SingleThreadEventExecutor.java:989)
	at io.netty.util.internal.ThreadExecutorMap$2.run(ThreadExecutorMap.java:74)
	at io.netty.util.concurrent.FastThreadLocalRunnable.run(FastThreadLocalRunnable.java:30)
	at java.lang.Thread.run(Thread.java:748)
2021-12-29 17:27:04,735 [main] INFO  c.k.b.s.BlogServiceConsumerApplication 55 - Starting BlogServiceConsumerApplication on DESKTOP-6ED7KPQ with PID 17964 (D:\javaspace\Blog\blog_spring\blog-service-consumer\target\classes started by Administrator in D:\javaspace\Blog\blog_spring)
2021-12-29 17:27:04,741 [main] INFO  c.k.b.s.BlogServiceConsumerApplication 655 - The following profiles are active: dev
2021-12-29 17:27:06,233 [main] INFO  o.s.d.r.c.RepositoryConfigurationDelegate 249 - Multiple Spring Data modules found, entering strict repository configuration mode!
2021-12-29 17:27:06,241 [main] INFO  o.s.d.r.c.RepositoryConfigurationDelegate 127 - Bootstrapping Spring Data Redis repositories in DEFAULT mode.
2021-12-29 17:27:06,340 [main] INFO  o.s.d.r.c.RepositoryConfigurationDelegate 187 - Finished Spring Data repository scanning in 44ms. Found 0 Redis repository interfaces.
2021-12-29 17:27:08,164 [main] INFO  o.s.b.w.e.tomcat.TomcatWebServer 91 - Tomcat initialized with port(s): 9004 (http)
2021-12-29 17:27:08,210 [main] INFO  o.a.coyote.http11.Http11NioProtocol 173 - Initializing ProtocolHandler ["http-nio-9004"]
2021-12-29 17:27:08,211 [main] INFO  o.a.catalina.core.StandardService 173 - Starting service [Tomcat]
2021-12-29 17:27:08,211 [main] INFO  o.a.catalina.core.StandardEngine 173 - Starting Servlet engine: [Apache Tomcat/9.0.34]
2021-12-29 17:27:08,469 [main] INFO  o.a.c.c.C.[Tomcat].[localhost].[/] 173 - Initializing Spring embedded WebApplicationContext
2021-12-29 17:27:08,469 [main] INFO  o.s.web.context.ContextLoader 284 - Root WebApplicationContext: initialization completed in 3595 ms
2021-12-29 17:27:09,582 [main] INFO  c.a.d.s.b.a.DruidDataSourceAutoConfigure 56 - Init DruidDataSource
2021-12-29 17:27:10,251 [main] INFO  c.alibaba.druid.pool.DruidDataSource 971 - {dataSource-1} inited
2021-12-29 17:27:12,648 [main] INFO  o.s.s.c.ThreadPoolTaskExecutor 181 - Initializing ExecutorService 'applicationTaskExecutor'
2021-12-29 17:27:13,159 [main] INFO  io.lettuce.core.EpollProvider 68 - Starting without optional epoll library
2021-12-29 17:27:13,161 [main] INFO  io.lettuce.core.KqueueProvider 70 - Starting without optional kqueue library
2021-12-29 17:27:15,120 [main] INFO  o.s.s.a.ScheduledAnnotationBeanPostProcessor 297 - No TaskScheduler/ScheduledExecutorService bean found for scheduled processing
2021-12-29 17:27:15,131 [main] INFO  o.a.coyote.http11.Http11NioProtocol 173 - Starting ProtocolHandler ["http-nio-9004"]
2021-12-29 17:27:15,157 [main] INFO  o.s.b.w.e.tomcat.TomcatWebServer 203 - Tomcat started on port(s): 9004 (http) with context path ''
2021-12-29 17:27:15,161 [main] INFO  c.k.b.s.BlogServiceConsumerApplication 61 - Started BlogServiceConsumerApplication in 12.361 seconds (JVM running for 16.722)
2021-12-29 17:27:15,260 [http-nio-9004-exec-1] INFO  o.a.c.c.C.[Tomcat].[localhost].[/] 173 - Initializing Spring DispatcherServlet 'dispatcherServlet'
2021-12-29 17:27:15,260 [http-nio-9004-exec-1] INFO  o.s.web.servlet.DispatcherServlet 525 - Initializing Servlet 'dispatcherServlet'
2021-12-29 17:27:15,271 [http-nio-9004-exec-1] INFO  o.s.web.servlet.DispatcherServlet 547 - Completed initialization in 10 ms
2021-12-29 17:27:15,317 [http-nio-9004-exec-1] WARN  o.s.w.s.m.s.DefaultHandlerExceptionResolver 199 - Resolved [org.springframework.web.HttpRequestMethodNotSupportedException: Request method 'GET' not supported]
2021-12-29 17:27:17,387 [http-nio-9004-exec-3] WARN  o.s.w.s.m.s.DefaultHandlerExceptionResolver 199 - Resolved [org.springframework.web.HttpRequestMethodNotSupportedException: Request method 'GET' not supported]
2021-12-29 17:28:02,185 [http-nio-9004-exec-5] WARN  o.m.s.mapper.ClassPathMapperScanner 44 - No MyBatis mapper was found in '[cn.keovi.blog.service.consumer.mapper]' package. Please check your configuration.
2021-12-29 17:28:02,185 [http-nio-9004-exec-5] INFO  o.s.d.r.c.RepositoryConfigurationDelegate 127 - Bootstrapping Spring Data Redis repositories in DEFAULT mode.
2021-12-29 17:28:02,199 [http-nio-9004-exec-5] INFO  o.s.d.r.c.RepositoryConfigurationDelegate 187 - Finished Spring Data repository scanning in 13ms. Found 0 Redis repository interfaces.
2021-12-29 17:28:02,392 [http-nio-9004-exec-5] WARN  o.s.w.s.m.s.DefaultHandlerExceptionResolver 199 - Resolved [org.springframework.web.HttpRequestMethodNotSupportedException: Request method 'GET' not supported]
2021-12-29 17:28:05,005 [SpringContextShutdownHook] INFO  o.s.s.c.ThreadPoolTaskExecutor 218 - Shutting down ExecutorService 'applicationTaskExecutor'
2021-12-29 17:28:05,024 [SpringContextShutdownHook] INFO  c.alibaba.druid.pool.DruidDataSource 1908 - {dataSource-1} closed
2021-12-29 18:25:08,150 [main] INFO  c.k.b.s.BlogServiceConsumerApplication 55 - Starting BlogServiceConsumerApplication on DESKTOP-6ED7KPQ with PID 20944 (D:\javaspace\Blog\blog_spring\blog-service-consumer\target\classes started by Administrator in D:\javaspace\Blog\blog_spring)
2021-12-29 18:25:08,154 [main] INFO  c.k.b.s.BlogServiceConsumerApplication 655 - The following profiles are active: dev
2021-12-29 18:25:09,610 [main] INFO  o.s.d.r.c.RepositoryConfigurationDelegate 249 - Multiple Spring Data modules found, entering strict repository configuration mode!
2021-12-29 18:25:09,628 [main] INFO  o.s.d.r.c.RepositoryConfigurationDelegate 127 - Bootstrapping Spring Data Redis repositories in DEFAULT mode.
2021-12-29 18:25:09,731 [main] INFO  o.s.d.r.c.RepositoryConfigurationDelegate 187 - Finished Spring Data repository scanning in 37ms. Found 0 Redis repository interfaces.
2021-12-29 18:25:11,085 [main] INFO  o.s.b.w.e.tomcat.TomcatWebServer 91 - Tomcat initialized with port(s): 9004 (http)
2021-12-29 18:25:11,122 [main] INFO  o.a.coyote.http11.Http11NioProtocol 173 - Initializing ProtocolHandler ["http-nio-9004"]
2021-12-29 18:25:11,122 [main] INFO  o.a.catalina.core.StandardService 173 - Starting service [Tomcat]
2021-12-29 18:25:11,123 [main] INFO  o.a.catalina.core.StandardEngine 173 - Starting Servlet engine: [Apache Tomcat/9.0.34]
2021-12-29 18:25:11,311 [main] INFO  o.a.c.c.C.[Tomcat].[localhost].[/] 173 - Initializing Spring embedded WebApplicationContext
2021-12-29 18:25:11,311 [main] INFO  o.s.web.context.ContextLoader 284 - Root WebApplicationContext: initialization completed in 3057 ms
2021-12-29 18:25:12,249 [main] INFO  c.a.d.s.b.a.DruidDataSourceAutoConfigure 56 - Init DruidDataSource
2021-12-29 18:25:13,029 [main] INFO  c.alibaba.druid.pool.DruidDataSource 971 - {dataSource-1} inited
2021-12-29 18:25:15,416 [main] INFO  o.s.s.c.ThreadPoolTaskExecutor 181 - Initializing ExecutorService 'applicationTaskExecutor'
2021-12-29 18:25:16,009 [main] INFO  io.lettuce.core.EpollProvider 68 - Starting without optional epoll library
2021-12-29 18:25:16,011 [main] INFO  io.lettuce.core.KqueueProvider 70 - Starting without optional kqueue library
2021-12-29 18:25:18,013 [main] INFO  o.s.s.a.ScheduledAnnotationBeanPostProcessor 297 - No TaskScheduler/ScheduledExecutorService bean found for scheduled processing
2021-12-29 18:25:18,025 [main] INFO  o.a.coyote.http11.Http11NioProtocol 173 - Starting ProtocolHandler ["http-nio-9004"]
2021-12-29 18:25:18,092 [main] INFO  o.s.b.w.e.tomcat.TomcatWebServer 203 - Tomcat started on port(s): 9004 (http) with context path ''
2021-12-29 18:25:18,097 [main] INFO  c.k.b.s.BlogServiceConsumerApplication 61 - Started BlogServiceConsumerApplication in 11.921 seconds (JVM running for 17.125)
2021-12-29 18:25:24,031 [http-nio-9004-exec-1] INFO  o.a.c.c.C.[Tomcat].[localhost].[/] 173 - Initializing Spring DispatcherServlet 'dispatcherServlet'
2021-12-29 18:25:24,036 [http-nio-9004-exec-1] INFO  o.s.web.servlet.DispatcherServlet 525 - Initializing Servlet 'dispatcherServlet'
2021-12-29 18:25:24,049 [http-nio-9004-exec-1] INFO  o.s.web.servlet.DispatcherServlet 547 - Completed initialization in 13 ms
2021-12-29 18:25:24,432 [http-nio-9004-exec-1] DEBUG c.k.b.s.c.m.UserMapper.selectList 137 - ==>  Preparing: SELECT id,role_id,username,password,avatar,qq,wechat,email,mobile,intro,is_delete,create_time,last_update_time,last_update_by FROM `user` WHERE (id = ? AND is_delete = ?)
2021-12-29 18:25:24,519 [http-nio-9004-exec-1] DEBUG c.k.b.s.c.m.UserMapper.selectList 137 - ==> Parameters: 12(Long), 0(Integer)
2021-12-29 18:25:24,599 [http-nio-9004-exec-1] DEBUG c.k.b.s.c.m.UserMapper.selectList 137 - <==      Total: 0
2021-12-29 18:25:24,606 [http-nio-9004-exec-1] ERROR c.k.b.s.c.controller.UserController 65 - 登录失败!
java.lang.NullPointerException: null
	at cn.keovi.blog.service.consumer.serviceImpl.UserServiceImpl.userDetails(UserServiceImpl.java:42)
	at cn.keovi.blog.service.consumer.serviceImpl.UserServiceImpl$$FastClassBySpringCGLIB$$1.invoke(<generated>)
	at org.springframework.cglib.proxy.MethodProxy.invoke(MethodProxy.java:218)
	at org.springframework.aop.framework.CglibAopProxy$DynamicAdvisedInterceptor.intercept(CglibAopProxy.java:687)
	at cn.keovi.blog.service.consumer.serviceImpl.UserServiceImpl$$EnhancerBySpringCGLIB$$1.userDetails(<generated>)
	at cn.keovi.blog.service.consumer.controller.UserController.userDetails(UserController.java:62)
	at sun.reflect.NativeMethodAccessorImpl.invoke0(Native Method)
	at sun.reflect.NativeMethodAccessorImpl.invoke(NativeMethodAccessorImpl.java:62)
	at sun.reflect.DelegatingMethodAccessorImpl.invoke(DelegatingMethodAccessorImpl.java:43)
	at java.lang.reflect.Method.invoke(Method.java:498)
	at org.springframework.web.method.support.InvocableHandlerMethod.doInvoke(InvocableHandlerMethod.java:190)
	at org.springframework.web.method.support.InvocableHandlerMethod.invokeForRequest(InvocableHandlerMethod.java:138)
	at org.springframework.web.servlet.mvc.method.annotation.ServletInvocableHandlerMethod.invokeAndHandle(ServletInvocableHandlerMethod.java:105)
	at org.springframework.web.servlet.mvc.method.annotation.RequestMappingHandlerAdapter.invokeHandlerMethod(RequestMappingHandlerAdapter.java:879)
	at org.springframework.web.servlet.mvc.method.annotation.RequestMappingHandlerAdapter.handleInternal(RequestMappingHandlerAdapter.java:793)
	at org.springframework.web.servlet.mvc.method.AbstractHandlerMethodAdapter.handle(AbstractHandlerMethodAdapter.java:87)
	at org.springframework.web.servlet.DispatcherServlet.doDispatch(DispatcherServlet.java:1040)
	at org.springframework.web.servlet.DispatcherServlet.doService(DispatcherServlet.java:943)
	at org.springframework.web.servlet.FrameworkServlet.processRequest(FrameworkServlet.java:1006)
	at org.springframework.web.servlet.FrameworkServlet.doGet(FrameworkServlet.java:898)
	at javax.servlet.http.HttpServlet.service(HttpServlet.java:634)
	at org.springframework.web.servlet.FrameworkServlet.service(FrameworkServlet.java:883)
	at javax.servlet.http.HttpServlet.service(HttpServlet.java:741)
	at org.apache.catalina.core.ApplicationFilterChain.internalDoFilter(ApplicationFilterChain.java:231)
	at org.apache.catalina.core.ApplicationFilterChain.doFilter(ApplicationFilterChain.java:166)
	at org.apache.tomcat.websocket.server.WsFilter.doFilter(WsFilter.java:53)
	at org.apache.catalina.core.ApplicationFilterChain.internalDoFilter(ApplicationFilterChain.java:193)
	at org.apache.catalina.core.ApplicationFilterChain.doFilter(ApplicationFilterChain.java:166)
	at org.springframework.web.filter.RequestContextFilter.doFilterInternal(RequestContextFilter.java:100)
	at org.springframework.web.filter.OncePerRequestFilter.doFilter(OncePerRequestFilter.java:119)
	at org.apache.catalina.core.ApplicationFilterChain.internalDoFilter(ApplicationFilterChain.java:193)
	at org.apache.catalina.core.ApplicationFilterChain.doFilter(ApplicationFilterChain.java:166)
	at org.springframework.web.filter.FormContentFilter.doFilterInternal(FormContentFilter.java:93)
	at org.springframework.web.filter.OncePerRequestFilter.doFilter(OncePerRequestFilter.java:119)
	at org.apache.catalina.core.ApplicationFilterChain.internalDoFilter(ApplicationFilterChain.java:193)
	at org.apache.catalina.core.ApplicationFilterChain.doFilter(ApplicationFilterChain.java:166)
	at org.springframework.session.web.http.SessionRepositoryFilter.doFilterInternal(SessionRepositoryFilter.java:141)
	at org.springframework.session.web.http.OncePerRequestFilter.doFilter(OncePerRequestFilter.java:82)
	at org.apache.catalina.core.ApplicationFilterChain.internalDoFilter(ApplicationFilterChain.java:193)
	at org.apache.catalina.core.ApplicationFilterChain.doFilter(ApplicationFilterChain.java:166)
	at org.springframework.web.filter.CharacterEncodingFilter.doFilterInternal(CharacterEncodingFilter.java:201)
	at org.springframework.web.filter.OncePerRequestFilter.doFilter(OncePerRequestFilter.java:119)
	at org.apache.catalina.core.ApplicationFilterChain.internalDoFilter(ApplicationFilterChain.java:193)
	at org.apache.catalina.core.ApplicationFilterChain.doFilter(ApplicationFilterChain.java:166)
	at org.apache.catalina.core.StandardWrapperValve.invoke(StandardWrapperValve.java:202)
	at org.apache.catalina.core.StandardContextValve.__invoke(StandardContextValve.java:96)
	at org.apache.catalina.core.StandardContextValve.invoke(StandardContextValve.java:41002)
	at org.apache.catalina.authenticator.AuthenticatorBase.invoke(AuthenticatorBase.java:541)
	at org.apache.catalina.core.StandardHostValve.invoke(StandardHostValve.java:139)
	at org.apache.catalina.valves.ErrorReportValve.invoke(ErrorReportValve.java:92)
	at org.apache.catalina.core.StandardEngineValve.invoke(StandardEngineValve.java:74)
	at org.apache.catalina.connector.CoyoteAdapter.service(CoyoteAdapter.java:343)
	at org.apache.coyote.http11.Http11Processor.service(Http11Processor.java:373)
	at org.apache.coyote.AbstractProcessorLight.process(AbstractProcessorLight.java:65)
	at org.apache.coyote.AbstractProtocol$ConnectionHandler.process(AbstractProtocol.java:868)
	at org.apache.tomcat.util.net.NioEndpoint$SocketProcessor.doRun(NioEndpoint.java:1590)
	at org.apache.tomcat.util.net.SocketProcessorBase.run(SocketProcessorBase.java:49)
	at java.util.concurrent.ThreadPoolExecutor.runWorker(ThreadPoolExecutor.java:1149)
	at java.util.concurrent.ThreadPoolExecutor$Worker.run(ThreadPoolExecutor.java:624)
	at org.apache.tomcat.util.threads.TaskThread$WrappingRunnable.run(TaskThread.java:61)
	at java.lang.Thread.run(Thread.java:748)
2021-12-29 18:26:08,112 [http-nio-9004-exec-2] DEBUG c.k.b.s.c.m.UserMapper.selectList 137 - ==>  Preparing: SELECT id,role_id,username,password,avatar,qq,wechat,email,mobile,intro,is_delete,create_time,last_update_time,last_update_by FROM `user` WHERE (id = ? AND is_delete = ?)
2021-12-29 18:26:08,113 [http-nio-9004-exec-2] DEBUG c.k.b.s.c.m.UserMapper.selectList 137 - ==> Parameters: 14(Long), 0(Integer)
2021-12-29 18:26:08,118 [http-nio-9004-exec-2] DEBUG c.k.b.s.c.m.UserMapper.selectList 137 - <==      Total: 1
2021-12-29 18:28:19,215 [http-nio-9004-exec-5] DEBUG c.k.b.s.c.m.UserMapper.selectList 137 - ==>  Preparing: SELECT id,role_id,username,password,avatar,qq,wechat,email,mobile,intro,is_delete,create_time,last_update_time,last_update_by FROM `user` WHERE (id = ? AND is_delete = ?)
2021-12-29 18:28:19,216 [http-nio-9004-exec-5] DEBUG c.k.b.s.c.m.UserMapper.selectList 137 - ==> Parameters: 14(Long), 0(Integer)
2021-12-29 18:28:19,216 [http-nio-9004-exec-4] DEBUG c.k.b.s.c.m.UserMapper.selectList 137 - ==>  Preparing: SELECT id,role_id,username,password,avatar,qq,wechat,email,mobile,intro,is_delete,create_time,last_update_time,last_update_by FROM `user` WHERE (id = ? AND is_delete = ?)
2021-12-29 18:28:19,217 [http-nio-9004-exec-4] DEBUG c.k.b.s.c.m.UserMapper.selectList 137 - ==> Parameters: 14(Long), 0(Integer)
2021-12-29 18:28:19,231 [http-nio-9004-exec-5] DEBUG c.k.b.s.c.m.UserMapper.selectList 137 - <==      Total: 1
2021-12-29 18:28:19,231 [http-nio-9004-exec-4] DEBUG c.k.b.s.c.m.UserMapper.selectList 137 - <==      Total: 1
2021-12-29 18:28:23,806 [http-nio-9004-exec-6] DEBUG c.k.b.s.c.m.UserMapper.selectList 137 - ==>  Preparing: SELECT id,role_id,username,password,avatar,qq,wechat,email,mobile,intro,is_delete,create_time,last_update_time,last_update_by FROM `user` WHERE (id = ? AND is_delete = ?)
2021-12-29 18:28:23,807 [http-nio-9004-exec-6] DEBUG c.k.b.s.c.m.UserMapper.selectList 137 - ==> Parameters: 14(Long), 0(Integer)
2021-12-29 18:28:23,812 [http-nio-9004-exec-6] DEBUG c.k.b.s.c.m.UserMapper.selectList 137 - <==      Total: 1
2021-12-29 18:28:24,751 [http-nio-9004-exec-8] DEBUG c.k.b.s.c.m.UserMapper.selectList 137 - ==>  Preparing: SELECT id,role_id,username,password,avatar,qq,wechat,email,mobile,intro,is_delete,create_time,last_update_time,last_update_by FROM `user` WHERE (id = ? AND is_delete = ?)
2021-12-29 18:28:24,751 [http-nio-9004-exec-8] DEBUG c.k.b.s.c.m.UserMapper.selectList 137 - ==> Parameters: 14(Long), 0(Integer)
2021-12-29 18:28:24,754 [http-nio-9004-exec-8] DEBUG c.k.b.s.c.m.UserMapper.selectList 137 - <==      Total: 1
2021-12-29 18:28:27,120 [http-nio-9004-exec-7] DEBUG c.k.b.s.c.m.UserMapper.selectList 137 - ==>  Preparing: SELECT id,role_id,username,password,avatar,qq,wechat,email,mobile,intro,is_delete,create_time,last_update_time,last_update_by FROM `user` WHERE (id = ? AND is_delete = ?)
2021-12-29 18:28:27,121 [http-nio-9004-exec-7] DEBUG c.k.b.s.c.m.UserMapper.selectList 137 - ==> Parameters: 14(Long), 0(Integer)
2021-12-29 18:28:27,123 [http-nio-9004-exec-7] DEBUG c.k.b.s.c.m.UserMapper.selectList 137 - <==      Total: 1
2021-12-29 18:28:40,598 [http-nio-9004-exec-9] DEBUG c.k.b.s.c.m.UserMapper.selectList 137 - ==>  Preparing: SELECT id,role_id,username,password,avatar,qq,wechat,email,mobile,intro,is_delete,create_time,last_update_time,last_update_by FROM `user` WHERE (id = ? AND is_delete = ?)
2021-12-29 18:28:40,598 [http-nio-9004-exec-9] DEBUG c.k.b.s.c.m.UserMapper.selectList 137 - ==> Parameters: 14(Long), 0(Integer)
2021-12-29 18:28:40,601 [http-nio-9004-exec-9] DEBUG c.k.b.s.c.m.UserMapper.selectList 137 - <==      Total: 1
2021-12-29 18:28:41,415 [http-nio-9004-exec-10] DEBUG c.k.b.s.c.m.UserMapper.selectList 137 - ==>  Preparing: SELECT id,role_id,username,password,avatar,qq,wechat,email,mobile,intro,is_delete,create_time,last_update_time,last_update_by FROM `user` WHERE (id = ? AND is_delete = ?)
2021-12-29 18:28:41,416 [http-nio-9004-exec-10] DEBUG c.k.b.s.c.m.UserMapper.selectList 137 - ==> Parameters: 14(Long), 0(Integer)
2021-12-29 18:28:41,419 [http-nio-9004-exec-10] DEBUG c.k.b.s.c.m.UserMapper.selectList 137 - <==      Total: 1
2021-12-29 18:28:42,054 [http-nio-9004-exec-1] DEBUG c.k.b.s.c.m.UserMapper.selectList 137 - ==>  Preparing: SELECT id,role_id,username,password,avatar,qq,wechat,email,mobile,intro,is_delete,create_time,last_update_time,last_update_by FROM `user` WHERE (id = ? AND is_delete = ?)
2021-12-29 18:28:42,054 [http-nio-9004-exec-1] DEBUG c.k.b.s.c.m.UserMapper.selectList 137 - ==> Parameters: 14(Long), 0(Integer)
2021-12-29 18:28:42,057 [http-nio-9004-exec-1] DEBUG c.k.b.s.c.m.UserMapper.selectList 137 - <==      Total: 1
2021-12-29 18:28:57,606 [http-nio-9004-exec-2] DEBUG c.k.b.s.c.m.UserMapper.selectList 137 - ==>  Preparing: SELECT id,role_id,username,password,avatar,qq,wechat,email,mobile,intro,is_delete,create_time,last_update_time,last_update_by FROM `user` WHERE (id = ? AND is_delete = ?)
2021-12-29 18:28:57,607 [http-nio-9004-exec-2] DEBUG c.k.b.s.c.m.UserMapper.selectList 137 - ==> Parameters: 14(Long), 0(Integer)
2021-12-29 18:28:57,609 [http-nio-9004-exec-2] DEBUG c.k.b.s.c.m.UserMapper.selectList 137 - <==      Total: 1
2021-12-29 18:28:59,274 [http-nio-9004-exec-3] DEBUG c.k.b.s.c.m.UserMapper.selectList 137 - ==>  Preparing: SELECT id,role_id,username,password,avatar,qq,wechat,email,mobile,intro,is_delete,create_time,last_update_time,last_update_by FROM `user` WHERE (id = ? AND is_delete = ?)
2021-12-29 18:28:59,275 [http-nio-9004-exec-3] DEBUG c.k.b.s.c.m.UserMapper.selectList 137 - ==> Parameters: 14(Long), 0(Integer)
2021-12-29 18:28:59,277 [http-nio-9004-exec-3] DEBUG c.k.b.s.c.m.UserMapper.selectList 137 - <==      Total: 1
2021-12-29 18:29:03,016 [http-nio-9004-exec-5] DEBUG c.k.b.s.c.m.UserMapper.selectList 137 - ==>  Preparing: SELECT id,role_id,username,password,avatar,qq,wechat,email,mobile,intro,is_delete,create_time,last_update_time,last_update_by FROM `user` WHERE (id = ? AND is_delete = ?)
2021-12-29 18:29:03,016 [http-nio-9004-exec-5] DEBUG c.k.b.s.c.m.UserMapper.selectList 137 - ==> Parameters: 1(Long), 0(Integer)
2021-12-29 18:29:03,017 [http-nio-9004-exec-5] DEBUG c.k.b.s.c.m.UserMapper.selectList 137 - <==      Total: 0
2021-12-29 18:29:03,018 [http-nio-9004-exec-5] ERROR c.k.b.s.c.controller.UserController 65 - 登录失败!
java.lang.NullPointerException: null
	at cn.keovi.blog.service.consumer.serviceImpl.UserServiceImpl.userDetails(UserServiceImpl.java:42)
	at cn.keovi.blog.service.consumer.serviceImpl.UserServiceImpl$$FastClassBySpringCGLIB$$1.invoke(<generated>)
	at org.springframework.cglib.proxy.MethodProxy.invoke(MethodProxy.java:218)
	at org.springframework.aop.framework.CglibAopProxy$DynamicAdvisedInterceptor.intercept(CglibAopProxy.java:687)
	at cn.keovi.blog.service.consumer.serviceImpl.UserServiceImpl$$EnhancerBySpringCGLIB$$1.userDetails(<generated>)
	at cn.keovi.blog.service.consumer.controller.UserController.userDetails(UserController.java:62)
	at sun.reflect.NativeMethodAccessorImpl.invoke0(Native Method)
	at sun.reflect.NativeMethodAccessorImpl.invoke(NativeMethodAccessorImpl.java:62)
	at sun.reflect.DelegatingMethodAccessorImpl.invoke(DelegatingMethodAccessorImpl.java:43)
	at java.lang.reflect.Method.invoke(Method.java:498)
	at org.springframework.web.method.support.InvocableHandlerMethod.doInvoke(InvocableHandlerMethod.java:190)
	at org.springframework.web.method.support.InvocableHandlerMethod.invokeForRequest(InvocableHandlerMethod.java:138)
	at org.springframework.web.servlet.mvc.method.annotation.ServletInvocableHandlerMethod.invokeAndHandle(ServletInvocableHandlerMethod.java:105)
	at org.springframework.web.servlet.mvc.method.annotation.RequestMappingHandlerAdapter.invokeHandlerMethod(RequestMappingHandlerAdapter.java:879)
	at org.springframework.web.servlet.mvc.method.annotation.RequestMappingHandlerAdapter.handleInternal(RequestMappingHandlerAdapter.java:793)
	at org.springframework.web.servlet.mvc.method.AbstractHandlerMethodAdapter.handle(AbstractHandlerMethodAdapter.java:87)
	at org.springframework.web.servlet.DispatcherServlet.doDispatch(DispatcherServlet.java:1040)
	at org.springframework.web.servlet.DispatcherServlet.doService(DispatcherServlet.java:943)
	at org.springframework.web.servlet.FrameworkServlet.processRequest(FrameworkServlet.java:1006)
	at org.springframework.web.servlet.FrameworkServlet.doGet(FrameworkServlet.java:898)
	at javax.servlet.http.HttpServlet.service(HttpServlet.java:634)
	at org.springframework.web.servlet.FrameworkServlet.service(FrameworkServlet.java:883)
	at javax.servlet.http.HttpServlet.service(HttpServlet.java:741)
	at org.apache.catalina.core.ApplicationFilterChain.internalDoFilter(ApplicationFilterChain.java:231)
	at org.apache.catalina.core.ApplicationFilterChain.doFilter(ApplicationFilterChain.java:166)
	at org.apache.tomcat.websocket.server.WsFilter.doFilter(WsFilter.java:53)
	at org.apache.catalina.core.ApplicationFilterChain.internalDoFilter(ApplicationFilterChain.java:193)
	at org.apache.catalina.core.ApplicationFilterChain.doFilter(ApplicationFilterChain.java:166)
	at org.springframework.web.filter.RequestContextFilter.doFilterInternal(RequestContextFilter.java:100)
	at org.springframework.web.filter.OncePerRequestFilter.doFilter(OncePerRequestFilter.java:119)
	at org.apache.catalina.core.ApplicationFilterChain.internalDoFilter(ApplicationFilterChain.java:193)
	at org.apache.catalina.core.ApplicationFilterChain.doFilter(ApplicationFilterChain.java:166)
	at org.springframework.web.filter.FormContentFilter.doFilterInternal(FormContentFilter.java:93)
	at org.springframework.web.filter.OncePerRequestFilter.doFilter(OncePerRequestFilter.java:119)
	at org.apache.catalina.core.ApplicationFilterChain.internalDoFilter(ApplicationFilterChain.java:193)
	at org.apache.catalina.core.ApplicationFilterChain.doFilter(ApplicationFilterChain.java:166)
	at org.springframework.session.web.http.SessionRepositoryFilter.doFilterInternal(SessionRepositoryFilter.java:141)
	at org.springframework.session.web.http.OncePerRequestFilter.doFilter(OncePerRequestFilter.java:82)
	at org.apache.catalina.core.ApplicationFilterChain.internalDoFilter(ApplicationFilterChain.java:193)
	at org.apache.catalina.core.ApplicationFilterChain.doFilter(ApplicationFilterChain.java:166)
	at org.springframework.web.filter.CharacterEncodingFilter.doFilterInternal(CharacterEncodingFilter.java:201)
	at org.springframework.web.filter.OncePerRequestFilter.doFilter(OncePerRequestFilter.java:119)
	at org.apache.catalina.core.ApplicationFilterChain.internalDoFilter(ApplicationFilterChain.java:193)
	at org.apache.catalina.core.ApplicationFilterChain.doFilter(ApplicationFilterChain.java:166)
	at org.apache.catalina.core.StandardWrapperValve.invoke(StandardWrapperValve.java:202)
	at org.apache.catalina.core.StandardContextValve.__invoke(StandardContextValve.java:96)
	at org.apache.catalina.core.StandardContextValve.invoke(StandardContextValve.java:41002)
	at org.apache.catalina.authenticator.AuthenticatorBase.invoke(AuthenticatorBase.java:541)
	at org.apache.catalina.core.StandardHostValve.invoke(StandardHostValve.java:139)
	at org.apache.catalina.valves.ErrorReportValve.invoke(ErrorReportValve.java:92)
	at org.apache.catalina.core.StandardEngineValve.invoke(StandardEngineValve.java:74)
	at org.apache.catalina.connector.CoyoteAdapter.service(CoyoteAdapter.java:343)
	at org.apache.coyote.http11.Http11Processor.service(Http11Processor.java:373)
	at org.apache.coyote.AbstractProcessorLight.process(AbstractProcessorLight.java:65)
	at org.apache.coyote.AbstractProtocol$ConnectionHandler.process(AbstractProtocol.java:868)
	at org.apache.tomcat.util.net.NioEndpoint$SocketProcessor.doRun(NioEndpoint.java:1590)
	at org.apache.tomcat.util.net.SocketProcessorBase.run(SocketProcessorBase.java:49)
	at java.util.concurrent.ThreadPoolExecutor.runWorker(ThreadPoolExecutor.java:1149)
	at java.util.concurrent.ThreadPoolExecutor$Worker.run(ThreadPoolExecutor.java:624)
	at org.apache.tomcat.util.threads.TaskThread$WrappingRunnable.run(TaskThread.java:61)
	at java.lang.Thread.run(Thread.java:748)
2021-12-29 18:29:07,772 [http-nio-9004-exec-4] DEBUG c.k.b.s.c.m.UserMapper.selectList 137 - ==>  Preparing: SELECT id,role_id,username,password,avatar,qq,wechat,email,mobile,intro,is_delete,create_time,last_update_time,last_update_by FROM `user` WHERE (id = ? AND is_delete = ?)
2021-12-29 18:29:07,773 [http-nio-9004-exec-4] DEBUG c.k.b.s.c.m.UserMapper.selectList 137 - ==> Parameters: 14(Long), 0(Integer)
2021-12-29 18:29:07,775 [http-nio-9004-exec-4] DEBUG c.k.b.s.c.m.UserMapper.selectList 137 - <==      Total: 1
2021-12-29 18:29:13,854 [SpringContextShutdownHook] INFO  o.s.s.c.ThreadPoolTaskExecutor 218 - Shutting down ExecutorService 'applicationTaskExecutor'
2021-12-29 18:29:13,871 [SpringContextShutdownHook] INFO  c.alibaba.druid.pool.DruidDataSource 1908 - {dataSource-1} closed
2021-12-29 18:29:21,120 [main] INFO  c.k.b.s.BlogServiceConsumerApplication 55 - Starting BlogServiceConsumerApplication on DESKTOP-6ED7KPQ with PID 8888 (D:\javaspace\Blog\blog_spring\blog-service-consumer\target\classes started by Administrator in D:\javaspace\Blog\blog_spring)
2021-12-29 18:29:21,124 [main] INFO  c.k.b.s.BlogServiceConsumerApplication 655 - The following profiles are active: dev
2021-12-29 18:29:22,338 [main] INFO  o.s.d.r.c.RepositoryConfigurationDelegate 249 - Multiple Spring Data modules found, entering strict repository configuration mode!
2021-12-29 18:29:22,342 [main] INFO  o.s.d.r.c.RepositoryConfigurationDelegate 127 - Bootstrapping Spring Data Redis repositories in DEFAULT mode.
2021-12-29 18:29:22,440 [main] INFO  o.s.d.r.c.RepositoryConfigurationDelegate 187 - Finished Spring Data repository scanning in 52ms. Found 0 Redis repository interfaces.
2021-12-29 18:29:23,599 [main] INFO  o.s.b.w.e.tomcat.TomcatWebServer 91 - Tomcat initialized with port(s): 9004 (http)
2021-12-29 18:29:23,634 [main] INFO  o.a.coyote.http11.Http11NioProtocol 173 - Initializing ProtocolHandler ["http-nio-9004"]
2021-12-29 18:29:23,635 [main] INFO  o.a.catalina.core.StandardService 173 - Starting service [Tomcat]
2021-12-29 18:29:23,635 [main] INFO  o.a.catalina.core.StandardEngine 173 - Starting Servlet engine: [Apache Tomcat/9.0.34]
2021-12-29 18:29:23,812 [main] INFO  o.a.c.c.C.[Tomcat].[localhost].[/] 173 - Initializing Spring embedded WebApplicationContext
2021-12-29 18:29:23,812 [main] INFO  o.s.web.context.ContextLoader 284 - Root WebApplicationContext: initialization completed in 2609 ms
2021-12-29 18:29:24,559 [main] INFO  c.a.d.s.b.a.DruidDataSourceAutoConfigure 56 - Init DruidDataSource
2021-12-29 18:29:25,166 [main] INFO  c.alibaba.druid.pool.DruidDataSource 971 - {dataSource-1} inited
2021-12-29 18:29:27,327 [main] INFO  o.s.s.c.ThreadPoolTaskExecutor 181 - Initializing ExecutorService 'applicationTaskExecutor'
2021-12-29 18:29:27,804 [main] INFO  io.lettuce.core.EpollProvider 68 - Starting without optional epoll library
2021-12-29 18:29:27,806 [main] INFO  io.lettuce.core.KqueueProvider 70 - Starting without optional kqueue library
2021-12-29 18:29:29,741 [main] INFO  o.s.s.a.ScheduledAnnotationBeanPostProcessor 297 - No TaskScheduler/ScheduledExecutorService bean found for scheduled processing
2021-12-29 18:29:29,751 [main] INFO  o.a.coyote.http11.Http11NioProtocol 173 - Starting ProtocolHandler ["http-nio-9004"]
2021-12-29 18:29:29,773 [main] INFO  o.s.b.w.e.tomcat.TomcatWebServer 203 - Tomcat started on port(s): 9004 (http) with context path ''
2021-12-29 18:29:29,777 [main] INFO  c.k.b.s.BlogServiceConsumerApplication 61 - Started BlogServiceConsumerApplication in 9.951 seconds (JVM running for 14.209)
2021-12-29 18:29:35,500 [http-nio-9004-exec-2] INFO  o.a.c.c.C.[Tomcat].[localhost].[/] 173 - Initializing Spring DispatcherServlet 'dispatcherServlet'
2021-12-29 18:29:35,501 [http-nio-9004-exec-2] INFO  o.s.web.servlet.DispatcherServlet 525 - Initializing Servlet 'dispatcherServlet'
2021-12-29 18:29:35,510 [http-nio-9004-exec-2] INFO  o.s.web.servlet.DispatcherServlet 547 - Completed initialization in 9 ms
2021-12-29 18:29:35,774 [http-nio-9004-exec-2] DEBUG c.k.b.s.c.m.UserMapper.selectList 137 - ==>  Preparing: SELECT id,role_id,username,password,avatar,qq,wechat,email,mobile,intro,is_delete,create_time,last_update_time,last_update_by FROM `user` WHERE (id = ? AND is_delete = ?)
2021-12-29 18:29:35,861 [http-nio-9004-exec-2] DEBUG c.k.b.s.c.m.UserMapper.selectList 137 - ==> Parameters: 14(Long), 0(Integer)
2021-12-29 18:29:35,909 [http-nio-9004-exec-2] DEBUG c.k.b.s.c.m.UserMapper.selectList 137 - <==      Total: 1
2021-12-29 18:29:44,435 [http-nio-9004-exec-3] DEBUG c.k.b.s.c.m.UserMapper.selectList 137 - ==>  Preparing: SELECT id,role_id,username,password,avatar,qq,wechat,email,mobile,intro,is_delete,create_time,last_update_time,last_update_by FROM `user` WHERE (id = ? AND is_delete = ?)
2021-12-29 18:29:44,436 [http-nio-9004-exec-3] DEBUG c.k.b.s.c.m.UserMapper.selectList 137 - ==> Parameters: 14(Long), 0(Integer)
2021-12-29 18:29:44,438 [http-nio-9004-exec-3] DEBUG c.k.b.s.c.m.UserMapper.selectList 137 - <==      Total: 1
2021-12-29 18:29:46,289 [http-nio-9004-exec-4] DEBUG c.k.b.s.c.m.UserMapper.selectList 137 - ==>  Preparing: SELECT id,role_id,username,password,avatar,qq,wechat,email,mobile,intro,is_delete,create_time,last_update_time,last_update_by FROM `user` WHERE (id = ? AND is_delete = ?)
2021-12-29 18:29:46,289 [http-nio-9004-exec-4] DEBUG c.k.b.s.c.m.UserMapper.selectList 137 - ==> Parameters: 14(Long), 0(Integer)
2021-12-29 18:29:46,291 [http-nio-9004-exec-4] DEBUG c.k.b.s.c.m.UserMapper.selectList 137 - <==      Total: 1
2021-12-29 18:29:49,341 [http-nio-9004-exec-5] DEBUG c.k.b.s.c.m.UserMapper.selectList 137 - ==>  Preparing: SELECT id,role_id,username,password,avatar,qq,wechat,email,mobile,intro,is_delete,create_time,last_update_time,last_update_by FROM `user` WHERE (id = ? AND is_delete = ?)
2021-12-29 18:29:49,342 [http-nio-9004-exec-5] DEBUG c.k.b.s.c.m.UserMapper.selectList 137 - ==> Parameters: 14(Long), 0(Integer)
2021-12-29 18:29:49,344 [http-nio-9004-exec-5] DEBUG c.k.b.s.c.m.UserMapper.selectList 137 - <==      Total: 1
2021-12-29 18:37:07,360 [http-nio-9004-exec-7] DEBUG c.k.b.s.c.m.UserMapper.selectList 137 - ==>  Preparing: SELECT id,role_id,username,password,avatar,qq,wechat,email,mobile,intro,is_delete,create_time,last_update_time,last_update_by FROM `user` WHERE (id = ? AND is_delete = ?)
2021-12-29 18:37:07,361 [http-nio-9004-exec-7] DEBUG c.k.b.s.c.m.UserMapper.selectList 137 - ==> Parameters: 14(Long), 0(Integer)
2021-12-29 18:37:07,373 [http-nio-9004-exec-7] DEBUG c.k.b.s.c.m.UserMapper.selectList 137 - <==      Total: 1
2021-12-29 18:37:52,668 [http-nio-9004-exec-8] DEBUG c.k.b.s.c.m.UserMapper.selectList 137 - ==>  Preparing: SELECT id,role_id,username,password,avatar,qq,wechat,email,mobile,intro,is_delete,create_time,last_update_time,last_update_by FROM `user` WHERE (id = ? AND is_delete = ?)
2021-12-29 18:37:52,669 [http-nio-9004-exec-8] DEBUG c.k.b.s.c.m.UserMapper.selectList 137 - ==> Parameters: 14(Long), 0(Integer)
2021-12-29 18:37:52,672 [http-nio-9004-exec-8] DEBUG c.k.b.s.c.m.UserMapper.selectList 137 - <==      Total: 1
2021-12-29 18:37:53,749 [http-nio-9004-exec-9] DEBUG c.k.b.s.c.m.UserMapper.selectList 137 - ==>  Preparing: SELECT id,role_id,username,password,avatar,qq,wechat,email,mobile,intro,is_delete,create_time,last_update_time,last_update_by FROM `user` WHERE (id = ? AND is_delete = ?)
2021-12-29 18:37:53,750 [http-nio-9004-exec-9] DEBUG c.k.b.s.c.m.UserMapper.selectList 137 - ==> Parameters: 14(Long), 0(Integer)
2021-12-29 18:37:53,753 [http-nio-9004-exec-9] DEBUG c.k.b.s.c.m.UserMapper.selectList 137 - <==      Total: 1
2021-12-29 18:37:55,514 [http-nio-9004-exec-10] DEBUG c.k.b.s.c.m.UserMapper.selectList 137 - ==>  Preparing: SELECT id,role_id,username,password,avatar,qq,wechat,email,mobile,intro,is_delete,create_time,last_update_time,last_update_by FROM `user` WHERE (id = ? AND is_delete = ?)
2021-12-29 18:37:55,514 [http-nio-9004-exec-10] DEBUG c.k.b.s.c.m.UserMapper.selectList 137 - ==> Parameters: 14(Long), 0(Integer)
2021-12-29 18:37:55,518 [http-nio-9004-exec-10] DEBUG c.k.b.s.c.m.UserMapper.selectList 137 - <==      Total: 1
2021-12-29 18:38:20,746 [http-nio-9004-exec-3] DEBUG c.k.b.s.c.m.UserMapper.selectList 137 - ==>  Preparing: SELECT id,role_id,username,password,avatar,qq,wechat,email,mobile,intro,is_delete,create_time,last_update_time,last_update_by FROM `user` WHERE (id = ? AND is_delete = ?)
2021-12-29 18:38:20,746 [http-nio-9004-exec-3] DEBUG c.k.b.s.c.m.UserMapper.selectList 137 - ==> Parameters: 14(Long), 0(Integer)
2021-12-29 18:38:20,749 [http-nio-9004-exec-3] DEBUG c.k.b.s.c.m.UserMapper.selectList 137 - <==      Total: 1
2021-12-29 18:38:25,308 [http-nio-9004-exec-1] DEBUG c.k.b.s.c.m.UserMapper.selectList 137 - ==>  Preparing: SELECT id,role_id,username,password,avatar,qq,wechat,email,mobile,intro,is_delete,create_time,last_update_time,last_update_by FROM `user` WHERE (id = ? AND is_delete = ?)
2021-12-29 18:38:25,308 [http-nio-9004-exec-1] DEBUG c.k.b.s.c.m.UserMapper.selectList 137 - ==> Parameters: 14(Long), 0(Integer)
2021-12-29 18:38:25,312 [http-nio-9004-exec-1] DEBUG c.k.b.s.c.m.UserMapper.selectList 137 - <==      Total: 1
2021-12-29 18:39:27,576 [http-nio-9004-exec-5] INFO  o.s.d.r.c.RepositoryConfigurationDelegate 127 - Bootstrapping Spring Data Redis repositories in DEFAULT mode.
2021-12-29 18:39:27,586 [http-nio-9004-exec-5] INFO  o.s.d.r.c.RepositoryConfigurationDelegate 187 - Finished Spring Data repository scanning in 9ms. Found 0 Redis repository interfaces.
2021-12-29 18:39:27,590 [http-nio-9004-exec-5] WARN  o.m.s.mapper.ClassPathMapperScanner 44 - No MyBatis mapper was found in '[cn.keovi.blog.service.consumer.mapper]' package. Please check your configuration.
2021-12-29 18:39:27,687 [http-nio-9004-exec-5] DEBUG c.k.b.s.c.m.UserMapper.selectList 137 - ==>  Preparing: SELECT id,role_id,username,password,avatar,qq,wechat,email,mobile,intro,is_delete,create_time,last_update_time,last_update_by FROM `user` WHERE (id = ? AND is_delete = ?)
2021-12-29 18:39:27,688 [http-nio-9004-exec-5] DEBUG c.k.b.s.c.m.UserMapper.selectList 137 - ==> Parameters: 14(Long), 0(Integer)
2021-12-29 18:39:27,690 [http-nio-9004-exec-5] DEBUG c.k.b.s.c.m.UserMapper.selectList 137 - <==      Total: 1
2021-12-29 18:39:28,286 [http-nio-9004-exec-6] DEBUG c.k.b.s.c.m.UserMapper.selectList 137 - ==>  Preparing: SELECT id,role_id,username,password,avatar,qq,wechat,email,mobile,intro,is_delete,create_time,last_update_time,last_update_by FROM `user` WHERE (id = ? AND is_delete = ?)
2021-12-29 18:39:28,286 [http-nio-9004-exec-6] DEBUG c.k.b.s.c.m.UserMapper.selectList 137 - ==> Parameters: 14(Long), 0(Integer)
2021-12-29 18:39:28,288 [http-nio-9004-exec-6] DEBUG c.k.b.s.c.m.UserMapper.selectList 137 - <==      Total: 1
2021-12-29 18:39:41,352 [http-nio-9004-exec-7] DEBUG c.k.b.s.c.m.UserMapper.selectList 137 - ==>  Preparing: SELECT id,role_id,username,password,avatar,qq,wechat,email,mobile,intro,is_delete,create_time,last_update_time,last_update_by FROM `user` WHERE (id = ? AND is_delete = ?)
2021-12-29 18:39:41,353 [http-nio-9004-exec-7] DEBUG c.k.b.s.c.m.UserMapper.selectList 137 - ==> Parameters: 14(Long), 0(Integer)
2021-12-29 18:39:41,355 [http-nio-9004-exec-7] DEBUG c.k.b.s.c.m.UserMapper.selectList 137 - <==      Total: 1
2021-12-29 18:39:47,274 [http-nio-9004-exec-8] DEBUG c.k.b.s.c.m.UserMapper.selectList 137 - ==>  Preparing: SELECT id,role_id,username,password,avatar,qq,wechat,email,mobile,intro,is_delete,create_time,last_update_time,last_update_by FROM `user` WHERE (id = ? AND is_delete = ?)
2021-12-29 18:39:47,274 [http-nio-9004-exec-8] DEBUG c.k.b.s.c.m.UserMapper.selectList 137 - ==> Parameters: 14(Long), 0(Integer)
2021-12-29 18:39:47,277 [http-nio-9004-exec-8] DEBUG c.k.b.s.c.m.UserMapper.selectList 137 - <==      Total: 1
2021-12-29 18:50:41,690 [SpringContextShutdownHook] INFO  o.s.s.c.ThreadPoolTaskExecutor 218 - Shutting down ExecutorService 'applicationTaskExecutor'
2021-12-29 18:50:41,704 [SpringContextShutdownHook] INFO  c.alibaba.druid.pool.DruidDataSource 1908 - {dataSource-1} closed
