2021-12-25 10:42:46,244 [main] INFO  c.k.b.s.BlogServiceConsumerApplication 55 - Starting BlogServiceConsumerApplication on DESKTOP-6ED7KPQ with PID 8400 (D:\javaspace\Blog\blog_spring\blog-service-consumer\target\classes started by Administrator in D:\javaspace\Blog\blog_spring)
2021-12-25 10:42:46,249 [main] INFO  c.k.b.s.BlogServiceConsumerApplication 651 - No active profile set, falling back to default profiles: default
2021-12-25 10:42:47,124 [main] INFO  o.s.d.r.c.RepositoryConfigurationDelegate 249 - Multiple Spring Data modules found, entering strict repository configuration mode!
2021-12-25 10:42:47,127 [main] INFO  o.s.d.r.c.RepositoryConfigurationDelegate 127 - Bootstrapping Spring Data Redis repositories in DEFAULT mode.
2021-12-25 10:42:47,188 [main] INFO  o.s.d.r.c.RepositoryConfigurationDelegate 187 - Finished Spring Data repository scanning in 18ms. Found 0 Redis repository interfaces.
2021-12-25 10:42:48,044 [main] INFO  o.s.b.w.e.tomcat.TomcatWebServer 91 - Tomcat initialized with port(s): 9004 (http)
2021-12-25 10:42:48,068 [main] INFO  o.a.coyote.http11.Http11NioProtocol 173 - Initializing ProtocolHandler ["http-nio-9004"]
2021-12-25 10:42:48,069 [main] INFO  o.a.catalina.core.StandardService 173 - Starting service [Tomcat]
2021-12-25 10:42:48,069 [main] INFO  o.a.catalina.core.StandardEngine 173 - Starting Servlet engine: [Apache Tomcat/9.0.34]
2021-12-25 10:42:48,201 [main] INFO  o.a.c.c.C.[Tomcat].[localhost].[/] 173 - Initializing Spring embedded WebApplicationContext
2021-12-25 10:42:48,201 [main] INFO  o.s.web.context.ContextLoader 284 - Root WebApplicationContext: initialization completed in 1884 ms
2021-12-25 10:42:49,236 [main] INFO  o.s.s.c.ThreadPoolTaskExecutor 181 - Initializing ExecutorService 'applicationTaskExecutor'
2021-12-25 10:42:49,779 [main] INFO  o.a.coyote.http11.Http11NioProtocol 173 - Starting ProtocolHandler ["http-nio-9004"]
2021-12-25 10:42:49,807 [main] INFO  o.s.b.w.e.tomcat.TomcatWebServer 203 - Tomcat started on port(s): 9004 (http) with context path ''
2021-12-25 10:42:49,810 [main] INFO  c.k.b.s.BlogServiceConsumerApplication 61 - Started BlogServiceConsumerApplication in 4.452 seconds (JVM running for 8.695)
2021-12-25 10:43:01,740 [http-nio-9004-exec-5] INFO  o.a.c.c.C.[Tomcat].[localhost].[/] 173 - Initializing Spring DispatcherServlet 'dispatcherServlet'
2021-12-25 10:43:01,740 [http-nio-9004-exec-5] INFO  o.s.web.servlet.DispatcherServlet 525 - Initializing Servlet 'dispatcherServlet'
2021-12-25 10:43:01,749 [http-nio-9004-exec-5] INFO  o.s.web.servlet.DispatcherServlet 547 - Completed initialization in 9 ms
2021-12-25 10:43:01,950 [http-nio-9004-exec-5] INFO  com.zaxxer.hikari.HikariDataSource 110 - HikariPool-1 - Starting...
2021-12-25 10:43:02,165 [http-nio-9004-exec-5] INFO  com.zaxxer.hikari.HikariDataSource 123 - HikariPool-1 - Start completed.
2021-12-25 10:43:02,175 [http-nio-9004-exec-5] DEBUG c.k.b.s.c.m.UserMapper.selectCount 143 - ==>  Preparing: SELECT COUNT( 1 ) FROM `user` WHERE (email = ?) 
2021-12-25 10:43:02,208 [http-nio-9004-exec-5] DEBUG c.k.b.s.c.m.UserMapper.selectCount 143 - ==> Parameters: 123@123.com(String)
2021-12-25 10:43:02,236 [http-nio-9004-exec-5] DEBUG c.k.b.s.c.m.UserMapper.selectCount 143 - <==      Total: 1
2021-12-25 10:43:02,246 [http-nio-9004-exec-5] DEBUG c.k.b.s.c.m.UserMapper.selectCount 143 - ==>  Preparing: SELECT COUNT( 1 ) FROM `user` WHERE (email = ? AND password = ?) 
2021-12-25 10:43:02,246 [http-nio-9004-exec-5] DEBUG c.k.b.s.c.m.UserMapper.selectCount 143 - ==> Parameters: 123@123.com(String), 123(String)
2021-12-25 10:43:02,248 [http-nio-9004-exec-5] DEBUG c.k.b.s.c.m.UserMapper.selectCount 143 - <==      Total: 1
2021-12-25 10:48:51,666 [http-nio-9004-exec-4] DEBUG c.k.b.s.c.mapper.UserMapper.insert 143 - ==>  Preparing: INSERT INTO `user` ( password, email, create_time ) VALUES ( ?, ?, ? ) 
2021-12-25 10:48:51,671 [http-nio-9004-exec-4] DEBUG c.k.b.s.c.mapper.UserMapper.insert 143 - ==> Parameters: 123(String), 123@123.com(String), 2021-12-25 10:48:51.649(Timestamp)
2021-12-25 10:48:51,752 [http-nio-9004-exec-4] ERROR c.k.b.s.c.c.UserLoginController 71 - 注册失败
### Error updating database.  Cause: java.sql.SQLException: Field 'role_id' doesn't have a default value
### The error may exist in cn/keovi/blog/service/consumer/mapper/UserMapper.java (best guess)
### The error may involve cn.keovi.blog.service.consumer.mapper.UserMapper.insert-Inline
### The error occurred while setting parameters
### SQL: INSERT INTO `user`  ( password,  email,        create_time )  VALUES  ( ?,  ?,        ? )
### Cause: java.sql.SQLException: Field 'role_id' doesn't have a default value
; Field 'role_id' doesn't have a default value; nested exception is java.sql.SQLException: Field 'role_id' doesn't have a default value
2021-12-25 10:50:42,057 [http-nio-9004-exec-8] INFO  o.s.d.r.c.RepositoryConfigurationDelegate 127 - Bootstrapping Spring Data Redis repositories in DEFAULT mode.
2021-12-25 10:50:42,063 [http-nio-9004-exec-8] INFO  o.s.d.r.c.RepositoryConfigurationDelegate 187 - Finished Spring Data repository scanning in 5ms. Found 0 Redis repository interfaces.
2021-12-25 10:50:42,066 [http-nio-9004-exec-8] WARN  o.m.s.mapper.ClassPathMapperScanner 44 - No MyBatis mapper was found in '[cn.keovi.blog.service.consumer.mapper]' package. Please check your configuration.
2021-12-25 10:50:42,169 [http-nio-9004-exec-8] DEBUG c.k.b.s.c.mapper.UserMapper.insert 143 - ==>  Preparing: INSERT INTO `user` ( password, email, role_id, create_time, username ) VALUES ( ?, ?, ?, ?, ? ) 
2021-12-25 10:50:42,173 [http-nio-9004-exec-8] DEBUG c.k.b.s.c.mapper.UserMapper.insert 143 - ==> Parameters: 123(String), 123@123.com(String), 2(Integer), 2021-12-25 10:50:42.167(Timestamp), 张三(String)
2021-12-25 10:50:42,180 [http-nio-9004-exec-8] DEBUG c.k.b.s.c.mapper.UserMapper.insert 143 - <==    Updates: 1
2021-12-25 10:53:54,999 [http-nio-9004-exec-1] DEBUG c.k.b.s.c.mapper.UserMapper.insert 143 - ==>  Preparing: INSERT INTO `user` ( password, email, role_id, create_time, username ) VALUES ( ?, ?, ?, ?, ? ) 
2021-12-25 10:53:55,000 [http-nio-9004-exec-1] DEBUG c.k.b.s.c.mapper.UserMapper.insert 143 - ==> Parameters: 123(String), 123@123.com(String), 2(Integer), 2021-12-25 10:53:54.997(Timestamp), 张三(String)
2021-12-25 10:53:55,004 [http-nio-9004-exec-1] DEBUG c.k.b.s.c.mapper.UserMapper.insert 143 - <==    Updates: 1
2021-12-25 10:55:23,968 [SpringContextShutdownHook] INFO  o.s.s.c.ThreadPoolTaskExecutor 218 - Shutting down ExecutorService 'applicationTaskExecutor'
2021-12-25 10:55:23,969 [SpringContextShutdownHook] INFO  com.zaxxer.hikari.HikariDataSource 350 - HikariPool-1 - Shutdown initiated...
2021-12-25 10:55:23,980 [SpringContextShutdownHook] INFO  com.zaxxer.hikari.HikariDataSource 352 - HikariPool-1 - Shutdown completed.
2021-12-25 10:55:32,284 [main] INFO  c.k.b.s.BlogServiceConsumerApplication 55 - Starting BlogServiceConsumerApplication on DESKTOP-6ED7KPQ with PID 15424 (D:\javaspace\Blog\blog_spring\blog-service-consumer\target\classes started by Administrator in D:\javaspace\Blog\blog_spring)
2021-12-25 10:55:32,287 [main] INFO  c.k.b.s.BlogServiceConsumerApplication 651 - No active profile set, falling back to default profiles: default
2021-12-25 10:55:33,218 [main] INFO  o.s.d.r.c.RepositoryConfigurationDelegate 249 - Multiple Spring Data modules found, entering strict repository configuration mode!
2021-12-25 10:55:33,222 [main] INFO  o.s.d.r.c.RepositoryConfigurationDelegate 127 - Bootstrapping Spring Data Redis repositories in DEFAULT mode.
2021-12-25 10:55:33,275 [main] INFO  o.s.d.r.c.RepositoryConfigurationDelegate 187 - Finished Spring Data repository scanning in 19ms. Found 0 Redis repository interfaces.
2021-12-25 10:55:34,211 [main] INFO  o.s.b.w.e.tomcat.TomcatWebServer 91 - Tomcat initialized with port(s): 9004 (http)
2021-12-25 10:55:34,238 [main] INFO  o.a.coyote.http11.Http11NioProtocol 173 - Initializing ProtocolHandler ["http-nio-9004"]
2021-12-25 10:55:34,239 [main] INFO  o.a.catalina.core.StandardService 173 - Starting service [Tomcat]
2021-12-25 10:55:34,239 [main] INFO  o.a.catalina.core.StandardEngine 173 - Starting Servlet engine: [Apache Tomcat/9.0.34]
2021-12-25 10:55:34,375 [main] INFO  o.a.c.c.C.[Tomcat].[localhost].[/] 173 - Initializing Spring embedded WebApplicationContext
2021-12-25 10:55:34,376 [main] INFO  o.s.web.context.ContextLoader 284 - Root WebApplicationContext: initialization completed in 2017 ms
2021-12-25 10:55:35,562 [main] INFO  o.s.s.c.ThreadPoolTaskExecutor 181 - Initializing ExecutorService 'applicationTaskExecutor'
2021-12-25 10:55:36,182 [main] INFO  o.a.coyote.http11.Http11NioProtocol 173 - Starting ProtocolHandler ["http-nio-9004"]
2021-12-25 10:55:36,215 [main] INFO  o.s.b.w.e.tomcat.TomcatWebServer 203 - Tomcat started on port(s): 9004 (http) with context path ''
2021-12-25 10:55:36,219 [main] INFO  c.k.b.s.BlogServiceConsumerApplication 61 - Started BlogServiceConsumerApplication in 4.853 seconds (JVM running for 9.092)
2021-12-25 10:55:36,373 [http-nio-9004-exec-2] INFO  o.a.c.c.C.[Tomcat].[localhost].[/] 173 - Initializing Spring DispatcherServlet 'dispatcherServlet'
2021-12-25 10:55:36,373 [http-nio-9004-exec-2] INFO  o.s.web.servlet.DispatcherServlet 525 - Initializing Servlet 'dispatcherServlet'
2021-12-25 10:55:36,386 [http-nio-9004-exec-2] INFO  o.s.web.servlet.DispatcherServlet 547 - Completed initialization in 12 ms
2021-12-25 10:55:36,700 [http-nio-9004-exec-2] INFO  com.zaxxer.hikari.HikariDataSource 110 - HikariPool-1 - Starting...
2021-12-25 10:55:36,947 [http-nio-9004-exec-2] INFO  com.zaxxer.hikari.HikariDataSource 123 - HikariPool-1 - Start completed.
2021-12-25 10:55:36,962 [http-nio-9004-exec-2] DEBUG c.k.b.s.c.m.UserMapper.selectCount 143 - ==>  Preparing: SELECT COUNT( 1 ) FROM `user` WHERE (email = ? AND is_delete = ?) 
2021-12-25 10:55:37,024 [http-nio-9004-exec-2] DEBUG c.k.b.s.c.m.UserMapper.selectCount 143 - ==> Parameters: 123@123.com(String), 0(Integer)
2021-12-25 10:55:37,100 [http-nio-9004-exec-2] DEBUG c.k.b.s.c.m.UserMapper.selectCount 143 - <==      Total: 1
2021-12-25 10:55:37,185 [http-nio-9004-exec-2] DEBUG c.k.b.s.c.mapper.UserMapper.insert 143 - ==>  Preparing: INSERT INTO `user` ( password, email, role_id, create_time, username ) VALUES ( ?, ?, ?, ?, ? ) 
2021-12-25 10:55:37,187 [http-nio-9004-exec-2] DEBUG c.k.b.s.c.mapper.UserMapper.insert 143 - ==> Parameters: 123(String), 123@123.com(String), 2(Integer), 2021-12-25 10:55:37.137(Timestamp), 张三(String)
2021-12-25 10:55:37,190 [http-nio-9004-exec-2] DEBUG c.k.b.s.c.mapper.UserMapper.insert 143 - <==    Updates: 1
2021-12-25 10:58:03,767 [http-nio-9004-exec-7] DEBUG c.k.b.s.c.m.UserMapper.selectCount 143 - ==>  Preparing: SELECT COUNT( 1 ) FROM `user` WHERE (email = ? AND is_delete = ?) 
2021-12-25 10:58:03,767 [http-nio-9004-exec-7] DEBUG c.k.b.s.c.m.UserMapper.selectCount 143 - ==> Parameters: 123@123.com(String), 0(Integer)
2021-12-25 10:58:03,769 [http-nio-9004-exec-7] DEBUG c.k.b.s.c.m.UserMapper.selectCount 143 - <==      Total: 1
2021-12-25 10:59:07,771 [http-nio-9004-exec-4] DEBUG c.k.b.s.c.m.UserMapper.selectCount 143 - ==>  Preparing: SELECT COUNT( 1 ) FROM `user` WHERE (email = ? AND is_delete = ?) 
2021-12-25 10:59:07,772 [http-nio-9004-exec-4] DEBUG c.k.b.s.c.m.UserMapper.selectCount 143 - ==> Parameters: 123@123.com(String), 0(Integer)
2021-12-25 10:59:07,773 [http-nio-9004-exec-4] DEBUG c.k.b.s.c.m.UserMapper.selectCount 143 - <==      Total: 1
2021-12-25 11:26:26,853 [http-nio-9004-exec-10] INFO  o.s.d.r.c.RepositoryConfigurationDelegate 127 - Bootstrapping Spring Data Redis repositories in DEFAULT mode.
2021-12-25 11:26:26,858 [http-nio-9004-exec-10] INFO  o.s.d.r.c.RepositoryConfigurationDelegate 187 - Finished Spring Data repository scanning in 4ms. Found 0 Redis repository interfaces.
2021-12-25 11:26:26,860 [http-nio-9004-exec-10] WARN  o.m.s.mapper.ClassPathMapperScanner 44 - No MyBatis mapper was found in '[cn.keovi.blog.service.consumer.mapper]' package. Please check your configuration.
2021-12-25 11:26:26,962 [http-nio-9004-exec-10] DEBUG c.k.b.s.c.m.UserMapper.selectCount 143 - ==>  Preparing: SELECT COUNT( 1 ) FROM `user` WHERE (email = ? AND is_delete = ?) 
2021-12-25 11:26:26,963 [http-nio-9004-exec-10] DEBUG c.k.b.s.c.m.UserMapper.selectCount 143 - ==> Parameters: 123@123.com(String), 0(Integer)
2021-12-25 11:26:26,965 [http-nio-9004-exec-10] DEBUG c.k.b.s.c.m.UserMapper.selectCount 143 - <==      Total: 1
2021-12-25 11:26:47,967 [http-nio-9004-exec-2] DEBUG c.k.b.s.c.m.UserMapper.selectCount 143 - ==>  Preparing: SELECT COUNT( 1 ) FROM `user` WHERE (email = ? AND is_delete = ?) 
2021-12-25 11:26:47,968 [http-nio-9004-exec-2] DEBUG c.k.b.s.c.m.UserMapper.selectCount 143 - ==> Parameters: 123@123.com(String), 0(Integer)
2021-12-25 11:26:47,969 [http-nio-9004-exec-2] DEBUG c.k.b.s.c.m.UserMapper.selectCount 143 - <==      Total: 1
2021-12-25 11:26:49,852 [http-nio-9004-exec-1] DEBUG c.k.b.s.c.m.UserMapper.selectCount 143 - ==>  Preparing: SELECT COUNT( 1 ) FROM `user` WHERE (email = ? AND is_delete = ?) 
2021-12-25 11:26:49,853 [http-nio-9004-exec-1] DEBUG c.k.b.s.c.m.UserMapper.selectCount 143 - ==> Parameters: 123@123.com(String), 0(Integer)
2021-12-25 11:26:49,854 [http-nio-9004-exec-1] DEBUG c.k.b.s.c.m.UserMapper.selectCount 143 - <==      Total: 1
2021-12-25 11:26:50,733 [http-nio-9004-exec-6] DEBUG c.k.b.s.c.m.UserMapper.selectCount 143 - ==>  Preparing: SELECT COUNT( 1 ) FROM `user` WHERE (email = ? AND is_delete = ?) 
2021-12-25 11:26:50,734 [http-nio-9004-exec-6] DEBUG c.k.b.s.c.m.UserMapper.selectCount 143 - ==> Parameters: 123@123.com(String), 0(Integer)
2021-12-25 11:26:50,735 [http-nio-9004-exec-6] DEBUG c.k.b.s.c.m.UserMapper.selectCount 143 - <==      Total: 1
2021-12-25 11:27:33,756 [http-nio-9004-exec-7] INFO  o.s.d.r.c.RepositoryConfigurationDelegate 127 - Bootstrapping Spring Data Redis repositories in DEFAULT mode.
2021-12-25 11:27:33,760 [http-nio-9004-exec-7] INFO  o.s.d.r.c.RepositoryConfigurationDelegate 187 - Finished Spring Data repository scanning in 4ms. Found 0 Redis repository interfaces.
2021-12-25 11:27:33,762 [http-nio-9004-exec-7] WARN  o.m.s.mapper.ClassPathMapperScanner 44 - No MyBatis mapper was found in '[cn.keovi.blog.service.consumer.mapper]' package. Please check your configuration.
2021-12-25 11:27:33,814 [http-nio-9004-exec-7] DEBUG c.k.b.s.c.m.UserMapper.selectCount 143 - ==>  Preparing: SELECT COUNT( 1 ) FROM `user` WHERE (email = ? AND is_delete = ?) 
2021-12-25 11:27:33,814 [http-nio-9004-exec-7] DEBUG c.k.b.s.c.m.UserMapper.selectCount 143 - ==> Parameters: 123@123.com(String), 0(Integer)
2021-12-25 11:27:33,816 [http-nio-9004-exec-7] DEBUG c.k.b.s.c.m.UserMapper.selectCount 143 - <==      Total: 1
2021-12-25 11:27:35,978 [http-nio-9004-exec-8] DEBUG c.k.b.s.c.m.UserMapper.selectCount 143 - ==>  Preparing: SELECT COUNT( 1 ) FROM `user` WHERE (email = ? AND is_delete = ?) 
2021-12-25 11:27:35,979 [http-nio-9004-exec-8] DEBUG c.k.b.s.c.m.UserMapper.selectCount 143 - ==> Parameters: 123@123.com(String), 0(Integer)
2021-12-25 11:27:35,980 [http-nio-9004-exec-8] DEBUG c.k.b.s.c.m.UserMapper.selectCount 143 - <==      Total: 1
2021-12-25 11:27:43,793 [SpringContextShutdownHook] INFO  o.s.s.c.ThreadPoolTaskExecutor 218 - Shutting down ExecutorService 'applicationTaskExecutor'
2021-12-25 11:27:43,794 [SpringContextShutdownHook] INFO  com.zaxxer.hikari.HikariDataSource 350 - HikariPool-1 - Shutdown initiated...
2021-12-25 11:27:43,809 [SpringContextShutdownHook] INFO  com.zaxxer.hikari.HikariDataSource 352 - HikariPool-1 - Shutdown completed.
2021-12-25 11:27:51,672 [main] INFO  c.k.b.s.BlogServiceConsumerApplication 55 - Starting BlogServiceConsumerApplication on DESKTOP-6ED7KPQ with PID 13316 (D:\javaspace\Blog\blog_spring\blog-service-consumer\target\classes started by Administrator in D:\javaspace\Blog\blog_spring)
2021-12-25 11:27:51,676 [main] INFO  c.k.b.s.BlogServiceConsumerApplication 651 - No active profile set, falling back to default profiles: default
2021-12-25 11:27:52,645 [main] INFO  o.s.d.r.c.RepositoryConfigurationDelegate 249 - Multiple Spring Data modules found, entering strict repository configuration mode!
2021-12-25 11:27:52,647 [main] INFO  o.s.d.r.c.RepositoryConfigurationDelegate 127 - Bootstrapping Spring Data Redis repositories in DEFAULT mode.
2021-12-25 11:27:52,702 [main] INFO  o.s.d.r.c.RepositoryConfigurationDelegate 187 - Finished Spring Data repository scanning in 20ms. Found 0 Redis repository interfaces.
2021-12-25 11:27:53,702 [main] INFO  o.s.b.w.e.tomcat.TomcatWebServer 91 - Tomcat initialized with port(s): 9004 (http)
2021-12-25 11:27:53,729 [main] INFO  o.a.coyote.http11.Http11NioProtocol 173 - Initializing ProtocolHandler ["http-nio-9004"]
2021-12-25 11:27:53,729 [main] INFO  o.a.catalina.core.StandardService 173 - Starting service [Tomcat]
2021-12-25 11:27:53,730 [main] INFO  o.a.catalina.core.StandardEngine 173 - Starting Servlet engine: [Apache Tomcat/9.0.34]
2021-12-25 11:27:53,894 [main] INFO  o.a.c.c.C.[Tomcat].[localhost].[/] 173 - Initializing Spring embedded WebApplicationContext
2021-12-25 11:27:53,894 [main] INFO  o.s.web.context.ContextLoader 284 - Root WebApplicationContext: initialization completed in 2135 ms
2021-12-25 11:27:55,368 [main] INFO  o.s.s.c.ThreadPoolTaskExecutor 181 - Initializing ExecutorService 'applicationTaskExecutor'
2021-12-25 11:27:56,212 [main] INFO  o.a.coyote.http11.Http11NioProtocol 173 - Starting ProtocolHandler ["http-nio-9004"]
2021-12-25 11:27:56,247 [main] INFO  o.s.b.w.e.tomcat.TomcatWebServer 203 - Tomcat started on port(s): 9004 (http) with context path ''
2021-12-25 11:27:56,252 [main] INFO  c.k.b.s.BlogServiceConsumerApplication 61 - Started BlogServiceConsumerApplication in 5.558 seconds (JVM running for 10.238)
2021-12-25 11:27:56,556 [http-nio-9004-exec-1] INFO  o.a.c.c.C.[Tomcat].[localhost].[/] 173 - Initializing Spring DispatcherServlet 'dispatcherServlet'
2021-12-25 11:27:56,557 [http-nio-9004-exec-1] INFO  o.s.web.servlet.DispatcherServlet 525 - Initializing Servlet 'dispatcherServlet'
2021-12-25 11:27:56,568 [http-nio-9004-exec-1] INFO  o.s.web.servlet.DispatcherServlet 547 - Completed initialization in 11 ms
2021-12-25 11:27:56,883 [http-nio-9004-exec-1] INFO  com.zaxxer.hikari.HikariDataSource 110 - HikariPool-1 - Starting...
2021-12-25 11:27:57,100 [http-nio-9004-exec-1] INFO  com.zaxxer.hikari.HikariDataSource 123 - HikariPool-1 - Start completed.
2021-12-25 11:27:57,113 [http-nio-9004-exec-1] DEBUG c.k.b.s.c.m.UserMapper.selectCount 143 - ==>  Preparing: SELECT COUNT( 1 ) FROM `user` WHERE (email = ? AND is_delete = ?) 
2021-12-25 11:27:57,154 [http-nio-9004-exec-1] DEBUG c.k.b.s.c.m.UserMapper.selectCount 143 - ==> Parameters: 123@123.com(String), 0(Integer)
2021-12-25 11:27:57,186 [http-nio-9004-exec-1] DEBUG c.k.b.s.c.m.UserMapper.selectCount 143 - <==      Total: 1
2021-12-25 11:28:03,399 [http-nio-9004-exec-3] DEBUG c.k.b.s.c.m.UserMapper.selectCount 143 - ==>  Preparing: SELECT COUNT( 1 ) FROM `user` WHERE (email = ? AND is_delete = ?) 
2021-12-25 11:28:03,400 [http-nio-9004-exec-3] DEBUG c.k.b.s.c.m.UserMapper.selectCount 143 - ==> Parameters: 123@123.com(String), 0(Integer)
2021-12-25 11:28:03,401 [http-nio-9004-exec-3] DEBUG c.k.b.s.c.m.UserMapper.selectCount 143 - <==      Total: 1
2021-12-25 11:28:13,028 [http-nio-9004-exec-6] DEBUG c.k.b.s.c.m.UserMapper.selectCount 143 - ==>  Preparing: SELECT COUNT( 1 ) FROM `user` WHERE (email = ? AND is_delete = ?) 
2021-12-25 11:28:13,029 [http-nio-9004-exec-6] DEBUG c.k.b.s.c.m.UserMapper.selectCount 143 - ==> Parameters: 123@123.com(String), 0(Integer)
2021-12-25 11:28:13,030 [http-nio-9004-exec-6] DEBUG c.k.b.s.c.m.UserMapper.selectCount 143 - <==      Total: 1
2021-12-25 11:28:43,673 [http-nio-9004-exec-4] DEBUG c.k.b.s.c.m.UserMapper.selectCount 143 - ==>  Preparing: SELECT COUNT( 1 ) FROM `user` WHERE (email = ? AND is_delete = ?) 
2021-12-25 11:28:43,674 [http-nio-9004-exec-4] DEBUG c.k.b.s.c.m.UserMapper.selectCount 143 - ==> Parameters: 123@123.com(String), 0(Integer)
2021-12-25 11:28:43,676 [http-nio-9004-exec-4] DEBUG c.k.b.s.c.m.UserMapper.selectCount 143 - <==      Total: 1
2021-12-25 11:29:15,259 [http-nio-9004-exec-5] WARN  o.m.s.mapper.ClassPathMapperScanner 44 - No MyBatis mapper was found in '[cn.keovi.blog.service.consumer.mapper]' package. Please check your configuration.
2021-12-25 11:29:15,259 [http-nio-9004-exec-5] INFO  o.s.d.r.c.RepositoryConfigurationDelegate 127 - Bootstrapping Spring Data Redis repositories in DEFAULT mode.
2021-12-25 11:29:15,265 [http-nio-9004-exec-5] INFO  o.s.d.r.c.RepositoryConfigurationDelegate 187 - Finished Spring Data repository scanning in 5ms. Found 0 Redis repository interfaces.
2021-12-25 11:29:15,313 [http-nio-9004-exec-5] DEBUG c.k.b.s.c.m.UserMapper.selectCount 143 - ==>  Preparing: SELECT COUNT( 1 ) FROM `user` WHERE (email = ? AND is_delete = ?) 
2021-12-25 11:29:15,314 [http-nio-9004-exec-5] DEBUG c.k.b.s.c.m.UserMapper.selectCount 143 - ==> Parameters: 123@123.com(String), 0(Integer)
2021-12-25 11:29:15,316 [http-nio-9004-exec-5] DEBUG c.k.b.s.c.m.UserMapper.selectCount 143 - <==      Total: 1
2021-12-25 11:31:57,006 [http-nio-9004-exec-8] WARN  o.m.s.mapper.ClassPathMapperScanner 44 - No MyBatis mapper was found in '[cn.keovi.blog.service.consumer.mapper]' package. Please check your configuration.
2021-12-25 11:31:57,006 [http-nio-9004-exec-8] INFO  o.s.d.r.c.RepositoryConfigurationDelegate 127 - Bootstrapping Spring Data Redis repositories in DEFAULT mode.
2021-12-25 11:31:57,011 [http-nio-9004-exec-8] INFO  o.s.d.r.c.RepositoryConfigurationDelegate 187 - Finished Spring Data repository scanning in 5ms. Found 0 Redis repository interfaces.
2021-12-25 11:31:57,051 [http-nio-9004-exec-8] DEBUG c.k.b.s.c.m.UserMapper.selectCount 143 - ==>  Preparing: SELECT COUNT( 1 ) FROM `user` WHERE (email = ?) 
2021-12-25 11:31:57,052 [http-nio-9004-exec-8] DEBUG c.k.b.s.c.m.UserMapper.selectCount 143 - ==> Parameters: 123@123.com(String)
2021-12-25 11:31:57,053 [http-nio-9004-exec-8] DEBUG c.k.b.s.c.m.UserMapper.selectCount 143 - <==      Total: 1
2021-12-25 11:31:57,057 [http-nio-9004-exec-8] DEBUG c.k.b.s.c.m.UserMapper.selectCount 143 - ==>  Preparing: SELECT COUNT( 1 ) FROM `user` WHERE (email = ? AND password = ?) 
2021-12-25 11:31:57,058 [http-nio-9004-exec-8] DEBUG c.k.b.s.c.m.UserMapper.selectCount 143 - ==> Parameters: 123@123.com(String), 123(String)
2021-12-25 11:31:57,059 [http-nio-9004-exec-8] DEBUG c.k.b.s.c.m.UserMapper.selectCount 143 - <==      Total: 1
2021-12-25 11:32:35,239 [http-nio-9004-exec-10] WARN  o.m.s.mapper.ClassPathMapperScanner 44 - No MyBatis mapper was found in '[cn.keovi.blog.service.consumer.mapper]' package. Please check your configuration.
2021-12-25 11:32:35,240 [http-nio-9004-exec-10] INFO  o.s.d.r.c.RepositoryConfigurationDelegate 127 - Bootstrapping Spring Data Redis repositories in DEFAULT mode.
2021-12-25 11:32:35,246 [http-nio-9004-exec-10] INFO  o.s.d.r.c.RepositoryConfigurationDelegate 187 - Finished Spring Data repository scanning in 6ms. Found 0 Redis repository interfaces.
2021-12-25 11:32:35,285 [http-nio-9004-exec-10] DEBUG c.k.b.s.c.m.UserMapper.selectCount 143 - ==>  Preparing: SELECT COUNT( 1 ) FROM `user` WHERE (email = ? AND is_delete = ?) 
2021-12-25 11:32:35,285 [http-nio-9004-exec-10] DEBUG c.k.b.s.c.m.UserMapper.selectCount 143 - ==> Parameters: 123@123.com(String), 0(Integer)
2021-12-25 11:32:35,287 [http-nio-9004-exec-10] DEBUG c.k.b.s.c.m.UserMapper.selectCount 143 - <==      Total: 1
2021-12-25 11:32:45,565 [http-nio-9004-exec-2] DEBUG c.k.b.s.c.m.UserMapper.selectCount 143 - ==>  Preparing: SELECT COUNT( 1 ) FROM `user` WHERE (email = ? AND is_delete = ?) 
2021-12-25 11:32:45,566 [http-nio-9004-exec-2] DEBUG c.k.b.s.c.m.UserMapper.selectCount 143 - ==> Parameters: 1234@123.com(String), 0(Integer)
2021-12-25 11:32:45,567 [http-nio-9004-exec-2] DEBUG c.k.b.s.c.m.UserMapper.selectCount 143 - <==      Total: 1
2021-12-25 11:32:45,585 [http-nio-9004-exec-2] DEBUG c.k.b.s.c.mapper.UserMapper.insert 143 - ==>  Preparing: INSERT INTO `user` ( password, email, role_id, create_time, username ) VALUES ( ?, ?, ?, ?, ? ) 
2021-12-25 11:32:45,587 [http-nio-9004-exec-2] DEBUG c.k.b.s.c.mapper.UserMapper.insert 143 - ==> Parameters: 123(String), 1234@123.com(String), 2(Integer), 2021-12-25 11:32:45.571(Timestamp), 张三(String)
2021-12-25 11:32:45,591 [http-nio-9004-exec-2] DEBUG c.k.b.s.c.mapper.UserMapper.insert 143 - <==    Updates: 1
2021-12-25 16:32:25,944 [SpringContextShutdownHook] INFO  o.s.s.c.ThreadPoolTaskExecutor 218 - Shutting down ExecutorService 'applicationTaskExecutor'
2021-12-25 16:32:25,947 [SpringContextShutdownHook] INFO  com.zaxxer.hikari.HikariDataSource 350 - HikariPool-1 - Shutdown initiated...
2021-12-25 16:32:25,960 [SpringContextShutdownHook] INFO  com.zaxxer.hikari.HikariDataSource 352 - HikariPool-1 - Shutdown completed.
2021-12-25 16:32:33,128 [main] INFO  c.k.b.s.BlogServiceConsumerApplication 55 - Starting BlogServiceConsumerApplication on DESKTOP-6ED7KPQ with PID 360 (D:\javaspace\Blog\blog_spring\blog-service-consumer\target\classes started by Administrator in D:\javaspace\Blog\blog_spring)
2021-12-25 16:32:33,130 [main] INFO  c.k.b.s.BlogServiceConsumerApplication 651 - No active profile set, falling back to default profiles: default
2021-12-25 16:32:34,146 [main] INFO  o.s.d.r.c.RepositoryConfigurationDelegate 249 - Multiple Spring Data modules found, entering strict repository configuration mode!
2021-12-25 16:32:34,149 [main] INFO  o.s.d.r.c.RepositoryConfigurationDelegate 127 - Bootstrapping Spring Data Redis repositories in DEFAULT mode.
2021-12-25 16:32:34,201 [main] INFO  o.s.d.r.c.RepositoryConfigurationDelegate 187 - Finished Spring Data repository scanning in 20ms. Found 0 Redis repository interfaces.
2021-12-25 16:32:35,205 [main] INFO  o.s.b.w.e.tomcat.TomcatWebServer 91 - Tomcat initialized with port(s): 9004 (http)
2021-12-25 16:32:35,230 [main] INFO  o.a.coyote.http11.Http11NioProtocol 173 - Initializing ProtocolHandler ["http-nio-9004"]
2021-12-25 16:32:35,230 [main] INFO  o.a.catalina.core.StandardService 173 - Starting service [Tomcat]
2021-12-25 16:32:35,231 [main] INFO  o.a.catalina.core.StandardEngine 173 - Starting Servlet engine: [Apache Tomcat/9.0.34]
2021-12-25 16:32:35,378 [main] INFO  o.a.c.c.C.[Tomcat].[localhost].[/] 173 - Initializing Spring embedded WebApplicationContext
2021-12-25 16:32:35,378 [main] INFO  o.s.web.context.ContextLoader 284 - Root WebApplicationContext: initialization completed in 2164 ms
2021-12-25 16:32:36,493 [main] INFO  o.s.s.c.ThreadPoolTaskExecutor 181 - Initializing ExecutorService 'applicationTaskExecutor'
2021-12-25 16:32:37,083 [main] INFO  o.a.coyote.http11.Http11NioProtocol 173 - Starting ProtocolHandler ["http-nio-9004"]
2021-12-25 16:32:37,119 [main] INFO  o.s.b.w.e.tomcat.TomcatWebServer 203 - Tomcat started on port(s): 9004 (http) with context path ''
2021-12-25 16:32:37,123 [main] INFO  c.k.b.s.BlogServiceConsumerApplication 61 - Started BlogServiceConsumerApplication in 4.951 seconds (JVM running for 9.738)
2021-12-25 16:32:51,332 [http-nio-9004-exec-3] INFO  o.a.c.c.C.[Tomcat].[localhost].[/] 173 - Initializing Spring DispatcherServlet 'dispatcherServlet'
2021-12-25 16:32:51,332 [http-nio-9004-exec-3] INFO  o.s.web.servlet.DispatcherServlet 525 - Initializing Servlet 'dispatcherServlet'
2021-12-25 16:32:51,339 [http-nio-9004-exec-3] INFO  o.s.web.servlet.DispatcherServlet 547 - Completed initialization in 7 ms
2021-12-25 16:32:51,493 [http-nio-9004-exec-3] ERROR o.a.c.c.C.[.[.[.[dispatcherServlet] 175 - Servlet.service() for servlet [dispatcherServlet] in context with path [] threw exception [Request processing failed; nested exception is java.lang.NullPointerException] with root cause
java.lang.NullPointerException: null
	at cn.hutool.extra.mail.Mail.<init>(Mail.java:123)
	at cn.hutool.extra.mail.Mail.create(Mail.java:95)
	at cn.hutool.extra.mail.MailUtil.send(MailUtil.java:390)
	at cn.hutool.extra.mail.MailUtil.send(MailUtil.java:143)
	at cn.hutool.extra.mail.MailUtil.send(MailUtil.java:126)
	at cn.hutool.extra.mail.MailUtil.send(MailUtil.java:67)
	at cn.keovi.blog.service.consumer.controller.EmailController.emailVerify(EmailController.java:22)
	at sun.reflect.NativeMethodAccessorImpl.invoke0(Native Method)
	at sun.reflect.NativeMethodAccessorImpl.invoke(NativeMethodAccessorImpl.java:62)
	at sun.reflect.DelegatingMethodAccessorImpl.invoke(DelegatingMethodAccessorImpl.java:43)
	at java.lang.reflect.Method.invoke(Method.java:498)
	at org.springframework.web.method.support.InvocableHandlerMethod.doInvoke(InvocableHandlerMethod.java:190)
	at org.springframework.web.method.support.InvocableHandlerMethod.invokeForRequest(InvocableHandlerMethod.java:138)
	at org.springframework.web.servlet.mvc.method.annotation.ServletInvocableHandlerMethod.invokeAndHandle(ServletInvocableHandlerMethod.java:105)
	at org.springframework.web.servlet.mvc.method.annotation.RequestMappingHandlerAdapter.invokeHandlerMethod(RequestMappingHandlerAdapter.java:879)
	at org.springframework.web.servlet.mvc.method.annotation.RequestMappingHandlerAdapter.handleInternal(RequestMappingHandlerAdapter.java:793)
	at org.springframework.web.servlet.mvc.method.AbstractHandlerMethodAdapter.handle(AbstractHandlerMethodAdapter.java:87)
	at org.springframework.web.servlet.DispatcherServlet.doDispatch(DispatcherServlet.java:1040)
	at org.springframework.web.servlet.DispatcherServlet.doService(DispatcherServlet.java:943)
	at org.springframework.web.servlet.FrameworkServlet.processRequest(FrameworkServlet.java:1006)
	at org.springframework.web.servlet.FrameworkServlet.doPost(FrameworkServlet.java:909)
	at javax.servlet.http.HttpServlet.service(HttpServlet.java:660)
	at org.springframework.web.servlet.FrameworkServlet.service(FrameworkServlet.java:883)
	at javax.servlet.http.HttpServlet.service(HttpServlet.java:741)
	at org.apache.catalina.core.ApplicationFilterChain.internalDoFilter(ApplicationFilterChain.java:231)
	at org.apache.catalina.core.ApplicationFilterChain.doFilter(ApplicationFilterChain.java:166)
	at org.apache.tomcat.websocket.server.WsFilter.doFilter(WsFilter.java:53)
	at org.apache.catalina.core.ApplicationFilterChain.internalDoFilter(ApplicationFilterChain.java:193)
	at org.apache.catalina.core.ApplicationFilterChain.doFilter(ApplicationFilterChain.java:166)
	at org.springframework.web.filter.RequestContextFilter.doFilterInternal(RequestContextFilter.java:100)
	at org.springframework.web.filter.OncePerRequestFilter.doFilter(OncePerRequestFilter.java:119)
	at org.apache.catalina.core.ApplicationFilterChain.internalDoFilter(ApplicationFilterChain.java:193)
	at org.apache.catalina.core.ApplicationFilterChain.doFilter(ApplicationFilterChain.java:166)
	at org.springframework.web.filter.FormContentFilter.doFilterInternal(FormContentFilter.java:93)
	at org.springframework.web.filter.OncePerRequestFilter.doFilter(OncePerRequestFilter.java:119)
	at org.apache.catalina.core.ApplicationFilterChain.internalDoFilter(ApplicationFilterChain.java:193)
	at org.apache.catalina.core.ApplicationFilterChain.doFilter(ApplicationFilterChain.java:166)
	at org.springframework.web.filter.CharacterEncodingFilter.doFilterInternal(CharacterEncodingFilter.java:201)
	at org.springframework.web.filter.OncePerRequestFilter.doFilter(OncePerRequestFilter.java:119)
	at org.apache.catalina.core.ApplicationFilterChain.internalDoFilter(ApplicationFilterChain.java:193)
	at org.apache.catalina.core.ApplicationFilterChain.doFilter(ApplicationFilterChain.java:166)
	at org.apache.catalina.core.StandardWrapperValve.invoke(StandardWrapperValve.java:202)
	at org.apache.catalina.core.StandardContextValve.__invoke(StandardContextValve.java:96)
	at org.apache.catalina.core.StandardContextValve.invoke(StandardContextValve.java:41002)
	at org.apache.catalina.authenticator.AuthenticatorBase.invoke(AuthenticatorBase.java:541)
	at org.apache.catalina.core.StandardHostValve.invoke(StandardHostValve.java:139)
	at org.apache.catalina.valves.ErrorReportValve.invoke(ErrorReportValve.java:92)
	at org.apache.catalina.core.StandardEngineValve.invoke(StandardEngineValve.java:74)
	at org.apache.catalina.connector.CoyoteAdapter.service(CoyoteAdapter.java:343)
	at org.apache.coyote.http11.Http11Processor.service(Http11Processor.java:373)
	at org.apache.coyote.AbstractProcessorLight.process(AbstractProcessorLight.java:65)
	at org.apache.coyote.AbstractProtocol$ConnectionHandler.process(AbstractProtocol.java:868)
	at org.apache.tomcat.util.net.NioEndpoint$SocketProcessor.doRun(NioEndpoint.java:1590)
	at org.apache.tomcat.util.net.SocketProcessorBase.run(SocketProcessorBase.java:49)
	at java.util.concurrent.ThreadPoolExecutor.runWorker(ThreadPoolExecutor.java:1149)
	at java.util.concurrent.ThreadPoolExecutor$Worker.run(ThreadPoolExecutor.java:624)
	at org.apache.tomcat.util.threads.TaskThread$WrappingRunnable.run(TaskThread.java:61)
	at java.lang.Thread.run(Thread.java:748)
2021-12-25 17:01:57,427 [SpringContextShutdownHook] INFO  o.s.s.c.ThreadPoolTaskExecutor 218 - Shutting down ExecutorService 'applicationTaskExecutor'
